2025-03-08T14:41:57.113Z DEBUG RegistrationParameters: port=28196
2025-03-08T14:41:57.113Z DEBUG RegistrationParameters: pluginUUID=C2C740AC92C8A923F58643AB3D8E4A8F
2025-03-08T14:41:57.113Z DEBUG RegistrationParameters: registerEvent=registerPlugin
2025-03-08T14:41:57.113Z DEBUG RegistrationParameters: info={"application":{"font":".AppleSystemUIFont","language":"en","platform":"mac","platformVersion":"15.3.1","version":"6.8.1.21263"},"colors":{"buttonPressedBackgroundColor":"#303030FF","buttonPressedBorderColor":"#646464FF","buttonPressedTextColor":"#969696FF","disabledColor":"#007AFF59","highlightColor":"#007AFFFF","mouseDownColor":"#005CD7FF"},"devicePixelRatio":1,"devices":[{"id":"A3106D9454BC34DA78B6DFED59D9B45F","name":"Stream Deck +","size":{"columns":4,"rows":2},"type":7}],"plugin":{"uuid":"com.daveknights.sibelius-actions","version":"0.1.0.0"}}
2025-03-08T14:41:57.118Z TRACE Connection: {"device":"A3106D9454BC34DA78B6DFED59D9B45F","deviceInfo":{"name":"Stream Deck +","size":{"columns":4,"rows":2},"type":7},"event":"deviceDidConnect"}
2025-03-08T14:41:57.118Z TRACE Connection: {"action":"com.daveknights.sibelius-actions.command-runner","context":"2bc650d925bfb0565d31a132230b9a1c","device":"A3106D9454BC34DA78B6DFED59D9B45F","event":"willAppear","payload":{"controller":"Keypad","coordinates":{"column":3,"row":0},"isInMultiAction":false,"settings":{"commandId":"half_note"}}}
2025-03-08T14:41:57.118Z TRACE Connection: {"action":"com.daveknights.sibelius-actions.command-runner","context":"2bc650d925bfb0565d31a132230b9a1c","device":"A3106D9454BC34DA78B6DFED59D9B45F","event":"titleParametersDidChange","payload":{"controller":"Keypad","coordinates":{"column":3,"row":0},"settings":{"commandId":"half_note"},"state":0,"title":"Minim","titleParameters":{"fontFamily":"","fontSize":12,"fontStyle":"","fontUnderline":false,"showTitle":true,"titleAlignment":"middle","titleColor":"#ffffff"}}}
2025-03-08T14:41:57.118Z TRACE Connection: {"action":"com.daveknights.sibelius-actions.command-runner","context":"2e8e869816d7527c83dc13dc46742aee","device":"A3106D9454BC34DA78B6DFED59D9B45F","event":"willAppear","payload":{"controller":"Keypad","coordinates":{"column":0,"row":1},"isInMultiAction":false,"settings":{"commandId":"quarter_note"}}}
2025-03-08T14:41:57.118Z TRACE Connection: {"action":"com.daveknights.sibelius-actions.command-runner","context":"2e8e869816d7527c83dc13dc46742aee","device":"A3106D9454BC34DA78B6DFED59D9B45F","event":"titleParametersDidChange","payload":{"controller":"Keypad","coordinates":{"column":0,"row":1},"settings":{"commandId":"quarter_note"},"state":0,"title":"Crochet","titleParameters":{"fontFamily":"","fontSize":12,"fontStyle":"","fontUnderline":false,"showTitle":true,"titleAlignment":"middle","titleColor":"#ffffff"}}}
2025-03-08T14:41:57.119Z TRACE Connection: {"action":"com.daveknights.sibelius-actions.plugin-runner","context":"1d58c8adad9e1654cbde1fbb6ec6610c","device":"A3106D9454BC34DA78B6DFED59D9B45F","event":"willAppear","payload":{"controller":"Keypad","coordinates":{"column":1,"row":0},"isInMultiAction":false,"settings":{"category":"","pluginName":"SplitBar"}}}
2025-03-08T14:41:57.119Z TRACE Connection: {"action":"com.daveknights.sibelius-actions.plugin-runner","context":"1d58c8adad9e1654cbde1fbb6ec6610c","device":"A3106D9454BC34DA78B6DFED59D9B45F","event":"titleParametersDidChange","payload":{"controller":"Keypad","coordinates":{"column":1,"row":0},"settings":{"category":"","pluginName":"SplitBar"},"state":0,"title":"","titleParameters":{"fontFamily":"","fontSize":12,"fontStyle":"","fontUnderline":false,"showTitle":true,"titleAlignment":"middle","titleColor":"#ffffff"}}}
2025-03-08T14:41:57.119Z TRACE Connection: {"action":"com.daveknights.sibelius-actions.plugin-runner","context":"63efa8b06329b97ccd1d5bea656480e4","device":"A3106D9454BC34DA78B6DFED59D9B45F","event":"willAppear","payload":{"controller":"Keypad","coordinates":{"column":2,"row":0},"isInMultiAction":false,"settings":{"category":"","pluginName":"RehearsalRecordings"}}}
2025-03-08T14:41:57.119Z TRACE Connection: {"action":"com.daveknights.sibelius-actions.plugin-runner","context":"63efa8b06329b97ccd1d5bea656480e4","device":"A3106D9454BC34DA78B6DFED59D9B45F","event":"titleParametersDidChange","payload":{"controller":"Keypad","coordinates":{"column":2,"row":0},"settings":{"category":"","pluginName":"RehearsalRecordings"},"state":0,"title":"","titleParameters":{"fontFamily":"","fontSize":12,"fontStyle":"","fontUnderline":false,"showTitle":true,"titleAlignment":"middle","titleColor":"#ffffff"}}}
2025-03-08T14:41:57.119Z TRACE Connection: {"action":"com.daveknights.sibelius-actions.get-all-plugins","context":"b51d80aade5a5a3f80193c74c7776e51","device":"A3106D9454BC34DA78B6DFED59D9B45F","event":"willAppear","payload":{"controller":"Keypad","coordinates":{"column":0,"row":0},"isInMultiAction":false,"settings":{"pluginPath":"/Users/dave/Desktop/sibelius-plugins/access.json"}}}
2025-03-08T14:41:57.119Z TRACE Connection: {"action":"com.daveknights.sibelius-actions.get-all-plugins","context":"b51d80aade5a5a3f80193c74c7776e51","device":"A3106D9454BC34DA78B6DFED59D9B45F","event":"titleParametersDidChange","payload":{"controller":"Keypad","coordinates":{"column":0,"row":0},"settings":{"pluginPath":"/Users/dave/Desktop/sibelius-plugins/access.json"},"state":0,"title":"","titleParameters":{"fontFamily":"","fontSize":12,"fontStyle":"","fontUnderline":false,"showTitle":true,"titleAlignment":"middle","titleColor":"#ffffff"}}}
2025-03-08T14:41:57.119Z TRACE Connection: {"event":"getGlobalSettings","context":"C2C740AC92C8A923F58643AB3D8E4A8F"}
2025-03-08T14:41:57.119Z TRACE Connection: {"event":"getGlobalSettings","context":"C2C740AC92C8A923F58643AB3D8E4A8F"}
2025-03-08T14:41:57.119Z TRACE Connection: {"event":"getGlobalSettings","context":"C2C740AC92C8A923F58643AB3D8E4A8F"}
2025-03-08T14:41:57.119Z TRACE Connection: {"event":"getGlobalSettings","context":"C2C740AC92C8A923F58643AB3D8E4A8F"}
2025-03-08T14:41:57.119Z TRACE Connection: {"event":"getGlobalSettings","context":"C2C740AC92C8A923F58643AB3D8E4A8F"}
2025-03-08T14:41:57.126Z TRACE Connection: {"event":"didReceiveGlobalSettings","payload":{"settings":{"categoryList":["Other","Batch Processing"],"pluginList":["Preferences","SplitBar","CalculateStatistics","RehearsalRecordings"],"plugins":{"Batch Processing":["CalculateStatistics","RehearsalRecordings"],"Other":["Preferences","SplitBar"]}}}}
2025-03-08T14:41:57.127Z TRACE Connection: {"event":"didReceiveGlobalSettings","payload":{"settings":{"categoryList":["Other","Batch Processing"],"pluginList":["Preferences","SplitBar","CalculateStatistics","RehearsalRecordings"],"plugins":{"Batch Processing":["CalculateStatistics","RehearsalRecordings"],"Other":["Preferences","SplitBar"]}}}}
2025-03-08T14:41:57.127Z TRACE Connection: {"event":"didReceiveGlobalSettings","payload":{"settings":{"categoryList":["Other","Batch Processing"],"pluginList":["Preferences","SplitBar","CalculateStatistics","RehearsalRecordings"],"plugins":{"Batch Processing":["CalculateStatistics","RehearsalRecordings"],"Other":["Preferences","SplitBar"]}}}}
2025-03-08T14:41:57.127Z TRACE Connection: {"event":"didReceiveGlobalSettings","payload":{"settings":{"categoryList":["Other","Batch Processing"],"pluginList":["Preferences","SplitBar","CalculateStatistics","RehearsalRecordings"],"plugins":{"Batch Processing":["CalculateStatistics","RehearsalRecordings"],"Other":["Preferences","SplitBar"]}}}}
2025-03-08T14:41:57.127Z TRACE Connection: {"event":"didReceiveGlobalSettings","payload":{"settings":{"categoryList":["Other","Batch Processing"],"pluginList":["Preferences","SplitBar","CalculateStatistics","RehearsalRecordings"],"plugins":{"Batch Processing":["CalculateStatistics","RehearsalRecordings"],"Other":["Preferences","SplitBar"]}}}}
2025-03-08T14:41:57.127Z TRACE Connection: {"event":"setTitle","context":"1d58c8adad9e1654cbde1fbb6ec6610c","payload":{"title":"Split\nBar"}}
2025-03-08T14:41:57.127Z TRACE Connection: {"event":"setTitle","context":"63efa8b06329b97ccd1d5bea656480e4","payload":{"title":"Rehearsal\nRecordings"}}
2025-03-08T14:41:58.092Z TRACE Connection: {"action":"com.daveknights.sibelius-actions.command-runner","context":"2e8e869816d7527c83dc13dc46742aee","device":"A3106D9454BC34DA78B6DFED59D9B45F","event":"propertyInspectorDidDisappear"}
2025-03-08T14:42:00.531Z TRACE Connection: {"action":"com.daveknights.sibelius-actions.command-runner","context":"2bc650d925bfb0565d31a132230b9a1c","device":"A3106D9454BC34DA78B6DFED59D9B45F","event":"keyDown","payload":{"coordinates":{"column":3,"row":0},"isInMultiAction":false,"settings":{"commandId":"half_note"}}}
2025-03-08T14:42:00.784Z TRACE Connection: {"action":"com.daveknights.sibelius-actions.command-runner","context":"2bc650d925bfb0565d31a132230b9a1c","device":"A3106D9454BC34DA78B6DFED59D9B45F","event":"keyUp","payload":{"coordinates":{"column":3,"row":0},"isInMultiAction":false,"settings":{"commandId":"half_note"}}}
2025-03-08T14:42:08.010Z TRACE Connection: {"action":"com.daveknights.sibelius-actions.command-runner","context":"2bc650d925bfb0565d31a132230b9a1c","device":"A3106D9454BC34DA78B6DFED59D9B45F","event":"keyDown","payload":{"coordinates":{"column":3,"row":0},"isInMultiAction":false,"settings":{"commandId":"half_note"}}}
2025-03-08T14:42:08.213Z TRACE Connection: {"action":"com.daveknights.sibelius-actions.command-runner","context":"2bc650d925bfb0565d31a132230b9a1c","device":"A3106D9454BC34DA78B6DFED59D9B45F","event":"keyUp","payload":{"coordinates":{"column":3,"row":0},"isInMultiAction":false,"settings":{"commandId":"half_note"}}}
2025-03-08T14:42:16.969Z TRACE Connection: {"action":"com.daveknights.sibelius-actions.command-runner","context":"2bc650d925bfb0565d31a132230b9a1c","device":"A3106D9454BC34DA78B6DFED59D9B45F","event":"keyDown","payload":{"coordinates":{"column":3,"row":0},"isInMultiAction":false,"settings":{"commandId":"half_note"}}}
2025-03-08T14:42:17.121Z TRACE Connection: {"action":"com.daveknights.sibelius-actions.command-runner","context":"2bc650d925bfb0565d31a132230b9a1c","device":"A3106D9454BC34DA78B6DFED59D9B45F","event":"keyUp","payload":{"coordinates":{"column":3,"row":0},"isInMultiAction":false,"settings":{"commandId":"half_note"}}}
2025-03-08T14:42:20.634Z TRACE Connection: {"action":"com.daveknights.sibelius-actions.command-runner","context":"2e8e869816d7527c83dc13dc46742aee","device":"A3106D9454BC34DA78B6DFED59D9B45F","event":"keyDown","payload":{"coordinates":{"column":0,"row":1},"isInMultiAction":false,"settings":{"commandId":"quarter_note"}}}
2025-03-08T14:42:20.784Z TRACE Connection: {"action":"com.daveknights.sibelius-actions.command-runner","context":"2e8e869816d7527c83dc13dc46742aee","device":"A3106D9454BC34DA78B6DFED59D9B45F","event":"keyUp","payload":{"coordinates":{"column":0,"row":1},"isInMultiAction":false,"settings":{"commandId":"quarter_note"}}}
2025-03-08T14:42:27.139Z TRACE Connection: {"action":"com.daveknights.sibelius-actions.command-runner","context":"2e8e869816d7527c83dc13dc46742aee","device":"A3106D9454BC34DA78B6DFED59D9B45F","event":"keyDown","payload":{"coordinates":{"column":0,"row":1},"isInMultiAction":false,"settings":{"commandId":"quarter_note"}}}
2025-03-08T14:42:27.291Z TRACE Connection: {"action":"com.daveknights.sibelius-actions.command-runner","context":"2e8e869816d7527c83dc13dc46742aee","device":"A3106D9454BC34DA78B6DFED59D9B45F","event":"keyUp","payload":{"coordinates":{"column":0,"row":1},"isInMultiAction":false,"settings":{"commandId":"quarter_note"}}}
2025-03-08T14:42:30.643Z TRACE Connection: {"action":"com.daveknights.sibelius-actions.command-runner","context":"2bc650d925bfb0565d31a132230b9a1c","device":"A3106D9454BC34DA78B6DFED59D9B45F","event":"keyDown","payload":{"coordinates":{"column":3,"row":0},"isInMultiAction":false,"settings":{"commandId":"half_note"}}}
2025-03-08T14:42:30.793Z TRACE Connection: {"action":"com.daveknights.sibelius-actions.command-runner","context":"2bc650d925bfb0565d31a132230b9a1c","device":"A3106D9454BC34DA78B6DFED59D9B45F","event":"keyUp","payload":{"coordinates":{"column":3,"row":0},"isInMultiAction":false,"settings":{"commandId":"half_note"}}}
2025-03-08T14:44:16.268Z TRACE Connection: {"action":"com.daveknights.sibelius-actions.plugin-runner","context":"237db7dcab772f45836ffed33e4f13ee","device":"A3106D9454BC34DA78B6DFED59D9B45F","event":"willAppear","payload":{"controller":"Keypad","coordinates":{"column":1,"row":1},"isInMultiAction":false,"settings":{}}}
2025-03-08T14:44:16.268Z TRACE Connection: {"action":"com.daveknights.sibelius-actions.plugin-runner","context":"237db7dcab772f45836ffed33e4f13ee","device":"A3106D9454BC34DA78B6DFED59D9B45F","event":"titleParametersDidChange","payload":{"controller":"Keypad","coordinates":{"column":1,"row":1},"settings":{},"state":0,"title":"","titleParameters":{"fontFamily":"","fontSize":12,"fontStyle":"","fontUnderline":false,"showTitle":true,"titleAlignment":"middle","titleColor":"#ffffff"}}}
2025-03-08T14:44:16.269Z TRACE Connection: {"event":"getGlobalSettings","context":"C2C740AC92C8A923F58643AB3D8E4A8F"}
2025-03-08T14:44:16.276Z TRACE Connection: {"event":"didReceiveGlobalSettings","payload":{"settings":{"categoryList":["Other","Batch Processing"],"pluginList":["Preferences","SplitBar","CalculateStatistics","RehearsalRecordings"],"plugins":{"Batch Processing":["CalculateStatistics","RehearsalRecordings"],"Other":["Preferences","SplitBar"]}}}}
2025-03-08T14:44:16.327Z TRACE Connection: {"action":"com.daveknights.sibelius-actions.plugin-runner","context":"237db7dcab772f45836ffed33e4f13ee","device":"A3106D9454BC34DA78B6DFED59D9B45F","event":"propertyInspectorDidAppear"}
2025-03-08T14:44:16.327Z TRACE Connection: {"action":"com.daveknights.sibelius-actions.plugin-runner","context":"237db7dcab772f45836ffed33e4f13ee","event":"sendToPlugin","payload":{"event":"getCategories"}}
2025-03-08T14:44:16.327Z TRACE Connection: {"event":"sendToPropertyInspector","context":"237db7dcab772f45836ffed33e4f13ee","payload":{"event":"getCategories","items":[{"label":"Other","value":"Other"},{"label":"Batch Processing","value":"Batch Processing"}]}}
2025-03-08T14:44:16.327Z TRACE Connection: {"action":"com.daveknights.sibelius-actions.plugin-runner","context":"237db7dcab772f45836ffed33e4f13ee","event":"sendToPlugin","payload":{"event":"getNames"}}
2025-03-08T14:44:22.166Z TRACE Connection: {"action":"com.daveknights.sibelius-actions.plugin-runner","context":"237db7dcab772f45836ffed33e4f13ee","device":"A3106D9454BC34DA78B6DFED59D9B45F","event":"didReceiveSettings","payload":{"controller":"Keypad","coordinates":{"column":1,"row":1},"isInMultiAction":false,"settings":{"category":"Batch Processing"}}}
2025-03-08T14:44:22.167Z TRACE Connection: {"event":"sendToPropertyInspector","context":"237db7dcab772f45836ffed33e4f13ee","payload":{"event":"getNames","items":[{"label":"CalculateStatistics","value":"CalculateStatistics"},{"label":"RehearsalRecordings","value":"RehearsalRecordings"}]}}
2025-03-08T14:44:25.744Z TRACE Connection: {"action":"com.daveknights.sibelius-actions.plugin-runner","context":"237db7dcab772f45836ffed33e4f13ee","device":"A3106D9454BC34DA78B6DFED59D9B45F","event":"didReceiveSettings","payload":{"controller":"Keypad","coordinates":{"column":1,"row":1},"isInMultiAction":false,"settings":{"category":"Batch Processing","pluginName":"CalculateStatistics"}}}
2025-03-08T14:44:25.745Z TRACE Connection: {"event":"sendToPropertyInspector","context":"237db7dcab772f45836ffed33e4f13ee","payload":{"event":"getNames","items":[{"label":"CalculateStatistics","value":"CalculateStatistics"},{"label":"RehearsalRecordings","value":"RehearsalRecordings"}]}}
2025-03-08T14:44:25.746Z TRACE Connection: {"event":"setTitle","context":"237db7dcab772f45836ffed33e4f13ee","payload":{"title":"Calculate\nStatistics"}}
2025-03-08T14:44:30.363Z TRACE Connection: {"action":"com.daveknights.sibelius-actions.plugin-runner","context":"237db7dcab772f45836ffed33e4f13ee","device":"A3106D9454BC34DA78B6DFED59D9B45F","event":"keyDown","payload":{"coordinates":{"column":1,"row":1},"isInMultiAction":false,"settings":{"category":"Batch Processing","pluginName":"CalculateStatistics"}}}
2025-03-08T14:44:30.510Z TRACE Connection: {"action":"com.daveknights.sibelius-actions.plugin-runner","context":"237db7dcab772f45836ffed33e4f13ee","device":"A3106D9454BC34DA78B6DFED59D9B45F","event":"keyUp","payload":{"coordinates":{"column":1,"row":1},"isInMultiAction":false,"settings":{"category":"Batch Processing","pluginName":"CalculateStatistics"}}}
2025-03-08T14:44:35.703Z TRACE Connection: {"action":"com.daveknights.sibelius-actions.plugin-runner","context":"1d58c8adad9e1654cbde1fbb6ec6610c","device":"A3106D9454BC34DA78B6DFED59D9B45F","event":"keyDown","payload":{"coordinates":{"column":1,"row":0},"isInMultiAction":false,"settings":{"category":"","pluginName":"SplitBar"}}}
2025-03-08T14:44:35.809Z TRACE Connection: {"action":"com.daveknights.sibelius-actions.plugin-runner","context":"1d58c8adad9e1654cbde1fbb6ec6610c","device":"A3106D9454BC34DA78B6DFED59D9B45F","event":"keyUp","payload":{"coordinates":{"column":1,"row":0},"isInMultiAction":false,"settings":{"category":"","pluginName":"SplitBar"}}}
2025-03-08T14:44:38.051Z TRACE Connection: {"action":"com.daveknights.sibelius-actions.plugin-runner","context":"63efa8b06329b97ccd1d5bea656480e4","device":"A3106D9454BC34DA78B6DFED59D9B45F","event":"keyDown","payload":{"coordinates":{"column":2,"row":0},"isInMultiAction":false,"settings":{"category":"","pluginName":"RehearsalRecordings"}}}
2025-03-08T14:44:38.148Z TRACE Connection: {"action":"com.daveknights.sibelius-actions.plugin-runner","context":"63efa8b06329b97ccd1d5bea656480e4","device":"A3106D9454BC34DA78B6DFED59D9B45F","event":"keyUp","payload":{"coordinates":{"column":2,"row":0},"isInMultiAction":false,"settings":{"category":"","pluginName":"RehearsalRecordings"}}}
2025-03-08T14:44:50.333Z TRACE Connection: {"action":"com.daveknights.sibelius-actions.plugin-runner","context":"237db7dcab772f45836ffed33e4f13ee","device":"A3106D9454BC34DA78B6DFED59D9B45F","event":"propertyInspectorDidDisappear"}
2025-03-08T14:44:50.335Z TRACE Connection: {"event":"getSettings","context":"237db7dcab772f45836ffed33e4f13ee"}
2025-03-08T14:44:50.336Z TRACE Connection: {"action":"com.daveknights.sibelius-actions.plugin-runner","context":"237db7dcab772f45836ffed33e4f13ee","device":"A3106D9454BC34DA78B6DFED59D9B45F","event":"didReceiveSettings","payload":{"controller":"Keypad","coordinates":{"column":1,"row":1},"isInMultiAction":false,"settings":{"category":"Batch Processing","pluginName":"CalculateStatistics"}}}
2025-03-08T14:44:50.337Z TRACE Connection: {"event":"setTitle","context":"237db7dcab772f45836ffed33e4f13ee","payload":{"title":"Calculate\nStatistics"}}
2025-03-08T14:44:50.337Z TRACE Connection: {"event":"setSettings","context":"237db7dcab772f45836ffed33e4f13ee","payload":{"category":"","pluginName":"CalculateStatistics"}}
2025-03-08T14:44:50.409Z TRACE Connection: {"action":"com.daveknights.sibelius-actions.plugin-runner","context":"07bfa3e54d1ead797f6fa08b7b85b45f","device":"A3106D9454BC34DA78B6DFED59D9B45F","event":"willAppear","payload":{"controller":"Keypad","coordinates":{"column":2,"row":1},"isInMultiAction":false,"settings":{}}}
2025-03-08T14:44:50.409Z TRACE Connection: {"action":"com.daveknights.sibelius-actions.plugin-runner","context":"07bfa3e54d1ead797f6fa08b7b85b45f","device":"A3106D9454BC34DA78B6DFED59D9B45F","event":"titleParametersDidChange","payload":{"controller":"Keypad","coordinates":{"column":2,"row":1},"settings":{},"state":0,"title":"","titleParameters":{"fontFamily":"","fontSize":12,"fontStyle":"","fontUnderline":false,"showTitle":true,"titleAlignment":"middle","titleColor":"#ffffff"}}}
2025-03-08T14:44:50.409Z TRACE Connection: {"event":"getGlobalSettings","context":"C2C740AC92C8A923F58643AB3D8E4A8F"}
2025-03-08T14:44:50.417Z TRACE Connection: {"event":"didReceiveGlobalSettings","payload":{"settings":{"categoryList":["Other","Batch Processing"],"pluginList":["Preferences","SplitBar","CalculateStatistics","RehearsalRecordings"],"plugins":{"Batch Processing":["CalculateStatistics","RehearsalRecordings"],"Other":["Preferences","SplitBar"]}}}}
2025-03-08T14:44:50.467Z TRACE Connection: {"action":"com.daveknights.sibelius-actions.plugin-runner","context":"07bfa3e54d1ead797f6fa08b7b85b45f","device":"A3106D9454BC34DA78B6DFED59D9B45F","event":"propertyInspectorDidAppear"}
2025-03-08T14:44:50.467Z TRACE Connection: {"action":"com.daveknights.sibelius-actions.plugin-runner","context":"07bfa3e54d1ead797f6fa08b7b85b45f","event":"sendToPlugin","payload":{"event":"getCategories"}}
2025-03-08T14:44:50.468Z TRACE Connection: {"action":"com.daveknights.sibelius-actions.plugin-runner","context":"07bfa3e54d1ead797f6fa08b7b85b45f","event":"sendToPlugin","payload":{"event":"getNames"}}
2025-03-08T14:44:50.468Z TRACE Connection: {"event":"sendToPropertyInspector","context":"07bfa3e54d1ead797f6fa08b7b85b45f","payload":{"event":"getCategories","items":[{"label":"Other","value":"Other"},{"label":"Batch Processing","value":"Batch Processing"}]}}
2025-03-08T14:44:53.347Z TRACE Connection: {"action":"com.daveknights.sibelius-actions.plugin-runner","context":"07bfa3e54d1ead797f6fa08b7b85b45f","device":"A3106D9454BC34DA78B6DFED59D9B45F","event":"didReceiveSettings","payload":{"controller":"Keypad","coordinates":{"column":2,"row":1},"isInMultiAction":false,"settings":{"category":"Other"}}}
2025-03-08T14:44:53.348Z TRACE Connection: {"event":"sendToPropertyInspector","context":"07bfa3e54d1ead797f6fa08b7b85b45f","payload":{"event":"getNames","items":[{"label":"Preferences","value":"Preferences"},{"label":"SplitBar","value":"SplitBar"}]}}
2025-03-08T14:44:56.698Z TRACE Connection: {"action":"com.daveknights.sibelius-actions.plugin-runner","context":"07bfa3e54d1ead797f6fa08b7b85b45f","device":"A3106D9454BC34DA78B6DFED59D9B45F","event":"didReceiveSettings","payload":{"controller":"Keypad","coordinates":{"column":2,"row":1},"isInMultiAction":false,"settings":{"category":"Other","pluginName":"Preferences"}}}
2025-03-08T14:44:56.699Z TRACE Connection: {"event":"sendToPropertyInspector","context":"07bfa3e54d1ead797f6fa08b7b85b45f","payload":{"event":"getNames","items":[{"label":"Preferences","value":"Preferences"},{"label":"SplitBar","value":"SplitBar"}]}}
2025-03-08T14:44:56.700Z TRACE Connection: {"event":"setTitle","context":"07bfa3e54d1ead797f6fa08b7b85b45f","payload":{"title":"Preferences"}}
2025-03-08T14:45:05.366Z TRACE Connection: {"action":"com.daveknights.sibelius-actions.plugin-runner","context":"07bfa3e54d1ead797f6fa08b7b85b45f","device":"A3106D9454BC34DA78B6DFED59D9B45F","event":"keyDown","payload":{"coordinates":{"column":2,"row":1},"isInMultiAction":false,"settings":{"category":"Other","pluginName":"Preferences"}}}
2025-03-08T14:45:05.516Z TRACE Connection: {"action":"com.daveknights.sibelius-actions.plugin-runner","context":"07bfa3e54d1ead797f6fa08b7b85b45f","device":"A3106D9454BC34DA78B6DFED59D9B45F","event":"keyUp","payload":{"coordinates":{"column":2,"row":1},"isInMultiAction":false,"settings":{"category":"Other","pluginName":"Preferences"}}}
