2025-03-08T14:37:01.281Z DEBUG RegistrationParameters: port=28196
2025-03-08T14:37:01.282Z DEBUG RegistrationParameters: pluginUUID=0DD669A8EE593259470516FCE35CF1FB
2025-03-08T14:37:01.282Z DEBUG RegistrationParameters: registerEvent=registerPlugin
2025-03-08T14:37:01.282Z DEBUG RegistrationParameters: info={"application":{"font":".AppleSystemUIFont","language":"en","platform":"mac","platformVersion":"15.3.1","version":"6.8.1.21263"},"colors":{"buttonPressedBackgroundColor":"#303030FF","buttonPressedBorderColor":"#646464FF","buttonPressedTextColor":"#969696FF","disabledColor":"#007AFF59","highlightColor":"#007AFFFF","mouseDownColor":"#005CD7FF"},"devicePixelRatio":1,"devices":[{"id":"A3106D9454BC34DA78B6DFED59D9B45F","name":"Stream Deck +","size":{"columns":4,"rows":2},"type":7}],"plugin":{"uuid":"com.daveknights.sibelius-actions","version":"0.1.0.0"}}
2025-03-08T14:37:01.287Z TRACE Connection: {"device":"A3106D9454BC34DA78B6DFED59D9B45F","deviceInfo":{"name":"Stream Deck +","size":{"columns":4,"rows":2},"type":7},"event":"deviceDidConnect"}
2025-03-08T14:37:01.287Z TRACE Connection: {"action":"com.daveknights.sibelius-actions.plugin-runner","context":"63efa8b06329b97ccd1d5bea656480e4","device":"A3106D9454BC34DA78B6DFED59D9B45F","event":"willAppear","payload":{"controller":"Keypad","coordinates":{"column":2,"row":0},"isInMultiAction":false,"settings":{"category":"Batch Processing","pluginName":"RehearsalRecordings"}}}
2025-03-08T14:37:01.288Z TRACE Connection: {"action":"com.daveknights.sibelius-actions.plugin-runner","context":"63efa8b06329b97ccd1d5bea656480e4","device":"A3106D9454BC34DA78B6DFED59D9B45F","event":"titleParametersDidChange","payload":{"controller":"Keypad","coordinates":{"column":2,"row":0},"settings":{"category":"Batch Processing","pluginName":"RehearsalRecordings"},"state":0,"title":"","titleParameters":{"fontFamily":"","fontSize":12,"fontStyle":"","fontUnderline":false,"showTitle":true,"titleAlignment":"middle","titleColor":"#ffffff"}}}
2025-03-08T14:37:01.288Z TRACE Connection: {"action":"com.daveknights.sibelius-actions.plugin-runner","context":"1d58c8adad9e1654cbde1fbb6ec6610c","device":"A3106D9454BC34DA78B6DFED59D9B45F","event":"willAppear","payload":{"controller":"Keypad","coordinates":{"column":1,"row":0},"isInMultiAction":false,"settings":{"category":"","pluginName":"SplitBar"}}}
2025-03-08T14:37:01.288Z TRACE Connection: {"action":"com.daveknights.sibelius-actions.plugin-runner","context":"1d58c8adad9e1654cbde1fbb6ec6610c","device":"A3106D9454BC34DA78B6DFED59D9B45F","event":"titleParametersDidChange","payload":{"controller":"Keypad","coordinates":{"column":1,"row":0},"settings":{"category":"","pluginName":"SplitBar"},"state":0,"title":"","titleParameters":{"fontFamily":"","fontSize":12,"fontStyle":"","fontUnderline":false,"showTitle":true,"titleAlignment":"middle","titleColor":"#ffffff"}}}
2025-03-08T14:37:01.288Z TRACE Connection: {"action":"com.daveknights.sibelius-actions.get-all-plugins","context":"b51d80aade5a5a3f80193c74c7776e51","device":"A3106D9454BC34DA78B6DFED59D9B45F","event":"willAppear","payload":{"controller":"Keypad","coordinates":{"column":0,"row":0},"isInMultiAction":false,"settings":{"pluginPath":"/Users/dave/Desktop/sibelius-plugins/access.json"}}}
2025-03-08T14:37:01.288Z TRACE Connection: {"action":"com.daveknights.sibelius-actions.get-all-plugins","context":"b51d80aade5a5a3f80193c74c7776e51","device":"A3106D9454BC34DA78B6DFED59D9B45F","event":"titleParametersDidChange","payload":{"controller":"Keypad","coordinates":{"column":0,"row":0},"settings":{"pluginPath":"/Users/dave/Desktop/sibelius-plugins/access.json"},"state":0,"title":"","titleParameters":{"fontFamily":"","fontSize":12,"fontStyle":"","fontUnderline":false,"showTitle":true,"titleAlignment":"middle","titleColor":"#ffffff"}}}
2025-03-08T14:37:01.288Z TRACE Connection: {"event":"getGlobalSettings","context":"0DD669A8EE593259470516FCE35CF1FB"}
2025-03-08T14:37:01.288Z TRACE Connection: {"event":"getGlobalSettings","context":"0DD669A8EE593259470516FCE35CF1FB"}
2025-03-08T14:37:01.288Z TRACE Connection: {"event":"getGlobalSettings","context":"0DD669A8EE593259470516FCE35CF1FB"}
2025-03-08T14:37:01.294Z TRACE Connection: {"event":"didReceiveGlobalSettings","payload":{"settings":{"categoryList":["Other","Batch Processing"],"pluginList":["Preferences","SplitBar","CalculateStatistics","RehearsalRecordings"],"plugins":{"Batch Processing":["CalculateStatistics","RehearsalRecordings"],"Other":["Preferences","SplitBar"]}}}}
2025-03-08T14:37:01.294Z TRACE Connection: {"event":"didReceiveGlobalSettings","payload":{"settings":{"categoryList":["Other","Batch Processing"],"pluginList":["Preferences","SplitBar","CalculateStatistics","RehearsalRecordings"],"plugins":{"Batch Processing":["CalculateStatistics","RehearsalRecordings"],"Other":["Preferences","SplitBar"]}}}}
2025-03-08T14:37:01.294Z TRACE Connection: {"event":"didReceiveGlobalSettings","payload":{"settings":{"categoryList":["Other","Batch Processing"],"pluginList":["Preferences","SplitBar","CalculateStatistics","RehearsalRecordings"],"plugins":{"Batch Processing":["CalculateStatistics","RehearsalRecordings"],"Other":["Preferences","SplitBar"]}}}}
2025-03-08T14:37:01.294Z TRACE Connection: {"event":"setTitle","context":"63efa8b06329b97ccd1d5bea656480e4","payload":{"title":"Rehearsal\nRecordings"}}
2025-03-08T14:37:01.294Z TRACE Connection: {"event":"setTitle","context":"1d58c8adad9e1654cbde1fbb6ec6610c","payload":{"title":"Split\nBar"}}
2025-03-08T14:37:11.875Z TRACE Connection: {"action":"com.daveknights.sibelius-actions.plugin-runner","context":"1d58c8adad9e1654cbde1fbb6ec6610c","device":"A3106D9454BC34DA78B6DFED59D9B45F","event":"keyDown","payload":{"coordinates":{"column":1,"row":0},"isInMultiAction":false,"settings":{"category":"","pluginName":"SplitBar"}}}
2025-03-08T14:37:12.026Z TRACE Connection: {"action":"com.daveknights.sibelius-actions.plugin-runner","context":"1d58c8adad9e1654cbde1fbb6ec6610c","device":"A3106D9454BC34DA78B6DFED59D9B45F","event":"keyUp","payload":{"coordinates":{"column":1,"row":0},"isInMultiAction":false,"settings":{"category":"","pluginName":"SplitBar"}}}
