2025-03-08T14:45:33.605Z DEBUG RegistrationParameters: port=28196
2025-03-08T14:45:33.606Z DEBUG RegistrationParameters: pluginUUID=5CA330CC6EEDC278FB5ADB4295596AF8
2025-03-08T14:45:33.606Z DEBUG RegistrationParameters: registerEvent=registerPlugin
2025-03-08T14:45:33.606Z DEBUG RegistrationParameters: info={"application":{"font":".AppleSystemUIFont","language":"en","platform":"mac","platformVersion":"15.3.1","version":"6.8.1.21263"},"colors":{"buttonPressedBackgroundColor":"#303030FF","buttonPressedBorderColor":"#646464FF","buttonPressedTextColor":"#969696FF","disabledColor":"#007AFF59","highlightColor":"#007AFFFF","mouseDownColor":"#005CD7FF"},"devicePixelRatio":1,"devices":[{"id":"A3106D9454BC34DA78B6DFED59D9B45F","name":"Stream Deck +","size":{"columns":4,"rows":2},"type":7}],"plugin":{"uuid":"com.daveknights.sibelius-actions","version":"0.1.0.0"}}
2025-03-08T14:45:33.611Z TRACE Connection: {"device":"A3106D9454BC34DA78B6DFED59D9B45F","deviceInfo":{"name":"Stream Deck +","size":{"columns":4,"rows":2},"type":7},"event":"deviceDidConnect"}
2025-03-08T14:45:33.611Z TRACE Connection: {"action":"com.daveknights.sibelius-actions.command-runner","context":"2bc650d925bfb0565d31a132230b9a1c","device":"A3106D9454BC34DA78B6DFED59D9B45F","event":"willAppear","payload":{"controller":"Keypad","coordinates":{"column":3,"row":0},"isInMultiAction":false,"settings":{"commandId":"half_note"}}}
2025-03-08T14:45:33.611Z TRACE Connection: {"action":"com.daveknights.sibelius-actions.command-runner","context":"2bc650d925bfb0565d31a132230b9a1c","device":"A3106D9454BC34DA78B6DFED59D9B45F","event":"titleParametersDidChange","payload":{"controller":"Keypad","coordinates":{"column":3,"row":0},"settings":{"commandId":"half_note"},"state":0,"title":"Minim","titleParameters":{"fontFamily":"","fontSize":12,"fontStyle":"","fontUnderline":false,"showTitle":true,"titleAlignment":"middle","titleColor":"#ffffff"}}}
2025-03-08T14:45:33.611Z TRACE Connection: {"action":"com.daveknights.sibelius-actions.command-runner","context":"2e8e869816d7527c83dc13dc46742aee","device":"A3106D9454BC34DA78B6DFED59D9B45F","event":"willAppear","payload":{"controller":"Keypad","coordinates":{"column":0,"row":1},"isInMultiAction":false,"settings":{"commandId":"quarter_note"}}}
2025-03-08T14:45:33.611Z TRACE Connection: {"action":"com.daveknights.sibelius-actions.command-runner","context":"2e8e869816d7527c83dc13dc46742aee","device":"A3106D9454BC34DA78B6DFED59D9B45F","event":"titleParametersDidChange","payload":{"controller":"Keypad","coordinates":{"column":0,"row":1},"settings":{"commandId":"quarter_note"},"state":0,"title":"Crochet","titleParameters":{"fontFamily":"","fontSize":12,"fontStyle":"","fontUnderline":false,"showTitle":true,"titleAlignment":"middle","titleColor":"#ffffff"}}}
2025-03-08T14:45:33.611Z TRACE Connection: {"action":"com.daveknights.sibelius-actions.plugin-runner","context":"07bfa3e54d1ead797f6fa08b7b85b45f","device":"A3106D9454BC34DA78B6DFED59D9B45F","event":"willAppear","payload":{"controller":"Keypad","coordinates":{"column":2,"row":1},"isInMultiAction":false,"settings":{"category":"Other","pluginName":"Preferences"}}}
2025-03-08T14:45:33.611Z TRACE Connection: {"action":"com.daveknights.sibelius-actions.plugin-runner","context":"07bfa3e54d1ead797f6fa08b7b85b45f","device":"A3106D9454BC34DA78B6DFED59D9B45F","event":"titleParametersDidChange","payload":{"controller":"Keypad","coordinates":{"column":2,"row":1},"settings":{"category":"Other","pluginName":"Preferences"},"state":0,"title":"","titleParameters":{"fontFamily":"","fontSize":12,"fontStyle":"","fontUnderline":false,"showTitle":true,"titleAlignment":"middle","titleColor":"#ffffff"}}}
2025-03-08T14:45:33.611Z TRACE Connection: {"action":"com.daveknights.sibelius-actions.plugin-runner","context":"1d58c8adad9e1654cbde1fbb6ec6610c","device":"A3106D9454BC34DA78B6DFED59D9B45F","event":"willAppear","payload":{"controller":"Keypad","coordinates":{"column":1,"row":0},"isInMultiAction":false,"settings":{"category":"","pluginName":"SplitBar"}}}
2025-03-08T14:45:33.612Z TRACE Connection: {"action":"com.daveknights.sibelius-actions.plugin-runner","context":"1d58c8adad9e1654cbde1fbb6ec6610c","device":"A3106D9454BC34DA78B6DFED59D9B45F","event":"titleParametersDidChange","payload":{"controller":"Keypad","coordinates":{"column":1,"row":0},"settings":{"category":"","pluginName":"SplitBar"},"state":0,"title":"","titleParameters":{"fontFamily":"","fontSize":12,"fontStyle":"","fontUnderline":false,"showTitle":true,"titleAlignment":"middle","titleColor":"#ffffff"}}}
2025-03-08T14:45:33.612Z TRACE Connection: {"action":"com.daveknights.sibelius-actions.plugin-runner","context":"237db7dcab772f45836ffed33e4f13ee","device":"A3106D9454BC34DA78B6DFED59D9B45F","event":"willAppear","payload":{"controller":"Keypad","coordinates":{"column":1,"row":1},"isInMultiAction":false,"settings":{"category":"","pluginName":"CalculateStatistics"}}}
2025-03-08T14:45:33.612Z TRACE Connection: {"action":"com.daveknights.sibelius-actions.plugin-runner","context":"237db7dcab772f45836ffed33e4f13ee","device":"A3106D9454BC34DA78B6DFED59D9B45F","event":"titleParametersDidChange","payload":{"controller":"Keypad","coordinates":{"column":1,"row":1},"settings":{"category":"","pluginName":"CalculateStatistics"},"state":0,"title":"","titleParameters":{"fontFamily":"","fontSize":12,"fontStyle":"","fontUnderline":false,"showTitle":true,"titleAlignment":"middle","titleColor":"#ffffff"}}}
2025-03-08T14:45:33.612Z TRACE Connection: {"action":"com.daveknights.sibelius-actions.plugin-runner","context":"63efa8b06329b97ccd1d5bea656480e4","device":"A3106D9454BC34DA78B6DFED59D9B45F","event":"willAppear","payload":{"controller":"Keypad","coordinates":{"column":2,"row":0},"isInMultiAction":false,"settings":{"category":"","pluginName":"RehearsalRecordings"}}}
2025-03-08T14:45:33.612Z TRACE Connection: {"action":"com.daveknights.sibelius-actions.plugin-runner","context":"63efa8b06329b97ccd1d5bea656480e4","device":"A3106D9454BC34DA78B6DFED59D9B45F","event":"titleParametersDidChange","payload":{"controller":"Keypad","coordinates":{"column":2,"row":0},"settings":{"category":"","pluginName":"RehearsalRecordings"},"state":0,"title":"","titleParameters":{"fontFamily":"","fontSize":12,"fontStyle":"","fontUnderline":false,"showTitle":true,"titleAlignment":"middle","titleColor":"#ffffff"}}}
2025-03-08T14:45:33.612Z TRACE Connection: {"action":"com.daveknights.sibelius-actions.get-all-plugins","context":"b51d80aade5a5a3f80193c74c7776e51","device":"A3106D9454BC34DA78B6DFED59D9B45F","event":"willAppear","payload":{"controller":"Keypad","coordinates":{"column":0,"row":0},"isInMultiAction":false,"settings":{"pluginPath":"/Users/dave/Desktop/sibelius-plugins/access.json"}}}
2025-03-08T14:45:33.612Z TRACE Connection: {"action":"com.daveknights.sibelius-actions.get-all-plugins","context":"b51d80aade5a5a3f80193c74c7776e51","device":"A3106D9454BC34DA78B6DFED59D9B45F","event":"titleParametersDidChange","payload":{"controller":"Keypad","coordinates":{"column":0,"row":0},"settings":{"pluginPath":"/Users/dave/Desktop/sibelius-plugins/access.json"},"state":0,"title":"","titleParameters":{"fontFamily":"","fontSize":12,"fontStyle":"","fontUnderline":false,"showTitle":true,"titleAlignment":"middle","titleColor":"#ffffff"}}}
2025-03-08T14:45:33.612Z TRACE Connection: {"event":"getGlobalSettings","context":"5CA330CC6EEDC278FB5ADB4295596AF8"}
2025-03-08T14:45:33.612Z TRACE Connection: {"event":"getGlobalSettings","context":"5CA330CC6EEDC278FB5ADB4295596AF8"}
2025-03-08T14:45:33.612Z TRACE Connection: {"event":"getGlobalSettings","context":"5CA330CC6EEDC278FB5ADB4295596AF8"}
2025-03-08T14:45:33.612Z TRACE Connection: {"event":"getGlobalSettings","context":"5CA330CC6EEDC278FB5ADB4295596AF8"}
2025-03-08T14:45:33.613Z TRACE Connection: {"event":"getGlobalSettings","context":"5CA330CC6EEDC278FB5ADB4295596AF8"}
2025-03-08T14:45:33.613Z TRACE Connection: {"event":"getGlobalSettings","context":"5CA330CC6EEDC278FB5ADB4295596AF8"}
2025-03-08T14:45:33.613Z TRACE Connection: {"event":"getGlobalSettings","context":"5CA330CC6EEDC278FB5ADB4295596AF8"}
2025-03-08T14:45:33.625Z TRACE Connection: {"event":"didReceiveGlobalSettings","payload":{"settings":{"categoryList":["Other","Batch Processing"],"pluginList":["Preferences","SplitBar","CalculateStatistics","RehearsalRecordings"],"plugins":{"Batch Processing":["CalculateStatistics","RehearsalRecordings"],"Other":["Preferences","SplitBar"]}}}}
2025-03-08T14:45:33.625Z TRACE Connection: {"event":"didReceiveGlobalSettings","payload":{"settings":{"categoryList":["Other","Batch Processing"],"pluginList":["Preferences","SplitBar","CalculateStatistics","RehearsalRecordings"],"plugins":{"Batch Processing":["CalculateStatistics","RehearsalRecordings"],"Other":["Preferences","SplitBar"]}}}}
2025-03-08T14:45:33.625Z TRACE Connection: {"event":"didReceiveGlobalSettings","payload":{"settings":{"categoryList":["Other","Batch Processing"],"pluginList":["Preferences","SplitBar","CalculateStatistics","RehearsalRecordings"],"plugins":{"Batch Processing":["CalculateStatistics","RehearsalRecordings"],"Other":["Preferences","SplitBar"]}}}}
2025-03-08T14:45:33.626Z TRACE Connection: {"event":"didReceiveGlobalSettings","payload":{"settings":{"categoryList":["Other","Batch Processing"],"pluginList":["Preferences","SplitBar","CalculateStatistics","RehearsalRecordings"],"plugins":{"Batch Processing":["CalculateStatistics","RehearsalRecordings"],"Other":["Preferences","SplitBar"]}}}}
2025-03-08T14:45:33.626Z TRACE Connection: {"event":"didReceiveGlobalSettings","payload":{"settings":{"categoryList":["Other","Batch Processing"],"pluginList":["Preferences","SplitBar","CalculateStatistics","RehearsalRecordings"],"plugins":{"Batch Processing":["CalculateStatistics","RehearsalRecordings"],"Other":["Preferences","SplitBar"]}}}}
2025-03-08T14:45:33.626Z TRACE Connection: {"event":"didReceiveGlobalSettings","payload":{"settings":{"categoryList":["Other","Batch Processing"],"pluginList":["Preferences","SplitBar","CalculateStatistics","RehearsalRecordings"],"plugins":{"Batch Processing":["CalculateStatistics","RehearsalRecordings"],"Other":["Preferences","SplitBar"]}}}}
2025-03-08T14:45:33.626Z TRACE Connection: {"event":"didReceiveGlobalSettings","payload":{"settings":{"categoryList":["Other","Batch Processing"],"pluginList":["Preferences","SplitBar","CalculateStatistics","RehearsalRecordings"],"plugins":{"Batch Processing":["CalculateStatistics","RehearsalRecordings"],"Other":["Preferences","SplitBar"]}}}}
2025-03-08T14:45:33.626Z TRACE Connection: {"event":"setTitle","context":"07bfa3e54d1ead797f6fa08b7b85b45f","payload":{"title":"Preferences"}}
2025-03-08T14:45:33.626Z TRACE Connection: {"event":"setTitle","context":"1d58c8adad9e1654cbde1fbb6ec6610c","payload":{"title":"Split\nBar"}}
2025-03-08T14:45:33.626Z TRACE Connection: {"event":"setTitle","context":"237db7dcab772f45836ffed33e4f13ee","payload":{"title":"Calculate\nStatistics"}}
2025-03-08T14:45:33.626Z TRACE Connection: {"event":"setTitle","context":"63efa8b06329b97ccd1d5bea656480e4","payload":{"title":"Rehearsal\nRecordings"}}
2025-03-08T14:45:34.584Z TRACE Connection: {"action":"com.daveknights.sibelius-actions.plugin-runner","context":"07bfa3e54d1ead797f6fa08b7b85b45f","device":"A3106D9454BC34DA78B6DFED59D9B45F","event":"propertyInspectorDidDisappear"}
2025-03-08T14:45:34.585Z TRACE Connection: {"event":"getSettings","context":"07bfa3e54d1ead797f6fa08b7b85b45f"}
2025-03-08T14:45:34.586Z TRACE Connection: {"action":"com.daveknights.sibelius-actions.plugin-runner","context":"07bfa3e54d1ead797f6fa08b7b85b45f","device":"A3106D9454BC34DA78B6DFED59D9B45F","event":"didReceiveSettings","payload":{"controller":"Keypad","coordinates":{"column":2,"row":1},"isInMultiAction":false,"settings":{"category":"Other","pluginName":"Preferences"}}}
2025-03-08T14:45:34.587Z TRACE Connection: {"event":"setTitle","context":"07bfa3e54d1ead797f6fa08b7b85b45f","payload":{"title":"Preferences"}}
2025-03-08T14:45:34.587Z TRACE Connection: {"event":"setSettings","context":"07bfa3e54d1ead797f6fa08b7b85b45f","payload":{"category":"","pluginName":"Preferences"}}
