2025-03-08T13:15:44.523Z DEBUG RegistrationParameters: port=28196
2025-03-08T13:15:44.524Z DEBUG RegistrationParameters: pluginUUID=DD20077A0D46CF0D1035B34E7F85192D
2025-03-08T13:15:44.524Z DEBUG RegistrationParameters: registerEvent=registerPlugin
2025-03-08T13:15:44.524Z DEBUG RegistrationParameters: info={"application":{"font":".AppleSystemUIFont","language":"en","platform":"mac","platformVersion":"15.3.1","version":"6.8.1.21263"},"colors":{"buttonPressedBackgroundColor":"#303030FF","buttonPressedBorderColor":"#646464FF","buttonPressedTextColor":"#969696FF","disabledColor":"#007AFF59","highlightColor":"#007AFFFF","mouseDownColor":"#005CD7FF"},"devicePixelRatio":1,"devices":[{"id":"A3106D9454BC34DA78B6DFED59D9B45F","name":"Stream Deck +","size":{"columns":4,"rows":2},"type":7}],"plugin":{"uuid":"com.daveknights.sibelius-actions","version":"0.1.0.0"}}
2025-03-08T13:15:44.528Z TRACE Connection: {"device":"A3106D9454BC34DA78B6DFED59D9B45F","deviceInfo":{"name":"Stream Deck +","size":{"columns":4,"rows":2},"type":7},"event":"deviceDidConnect"}
2025-03-08T13:15:44.529Z TRACE Connection: {"action":"com.daveknights.sibelius-actions.plugin-runner","context":"1d58c8adad9e1654cbde1fbb6ec6610c","device":"A3106D9454BC34DA78B6DFED59D9B45F","event":"willAppear","payload":{"controller":"Keypad","coordinates":{"column":1,"row":0},"isInMultiAction":false,"settings":{"category":"","pluginName":"Preferences"}}}
2025-03-08T13:15:44.529Z TRACE Connection: {"action":"com.daveknights.sibelius-actions.plugin-runner","context":"1d58c8adad9e1654cbde1fbb6ec6610c","device":"A3106D9454BC34DA78B6DFED59D9B45F","event":"titleParametersDidChange","payload":{"controller":"Keypad","coordinates":{"column":1,"row":0},"settings":{"category":"","pluginName":"Preferences"},"state":0,"title":"","titleParameters":{"fontFamily":"","fontSize":12,"fontStyle":"","fontUnderline":false,"showTitle":true,"titleAlignment":"middle","titleColor":"#ffffff"}}}
2025-03-08T13:15:44.529Z TRACE Connection: {"action":"com.daveknights.sibelius-actions.get-all-plugins","context":"b51d80aade5a5a3f80193c74c7776e51","device":"A3106D9454BC34DA78B6DFED59D9B45F","event":"willAppear","payload":{"controller":"Keypad","coordinates":{"column":0,"row":0},"isInMultiAction":false,"settings":{"pluginPath":"/Users/dave/Desktop/sibelius-plugins/access.json"}}}
2025-03-08T13:15:44.529Z TRACE Connection: {"action":"com.daveknights.sibelius-actions.get-all-plugins","context":"b51d80aade5a5a3f80193c74c7776e51","device":"A3106D9454BC34DA78B6DFED59D9B45F","event":"titleParametersDidChange","payload":{"controller":"Keypad","coordinates":{"column":0,"row":0},"settings":{"pluginPath":"/Users/dave/Desktop/sibelius-plugins/access.json"},"state":0,"title":"","titleParameters":{"fontFamily":"","fontSize":12,"fontStyle":"","fontUnderline":false,"showTitle":true,"titleAlignment":"middle","titleColor":"#ffffff"}}}
2025-03-08T13:15:44.529Z TRACE Connection: {"event":"getGlobalSettings","context":"DD20077A0D46CF0D1035B34E7F85192D"}
2025-03-08T13:15:44.529Z TRACE Connection: {"event":"getGlobalSettings","context":"DD20077A0D46CF0D1035B34E7F85192D"}
2025-03-08T13:15:44.533Z TRACE Connection: {"event":"didReceiveGlobalSettings","payload":{"settings":{"categoryList":["Other","Batch Processing"],"pluginList":["Preferences","CueLocations","CalculateStatistics"],"plugins":{"Batch Processing":["CueLocations","CalculateStatistics"],"Other":["Preferences"]}}}}
2025-03-08T13:15:44.533Z TRACE Connection: {"event":"didReceiveGlobalSettings","payload":{"settings":{"categoryList":["Other","Batch Processing"],"pluginList":["Preferences","CueLocations","CalculateStatistics"],"plugins":{"Batch Processing":["CueLocations","CalculateStatistics"],"Other":["Preferences"]}}}}
2025-03-08T13:15:44.533Z TRACE Connection: {"event":"setTitle","context":"1d58c8adad9e1654cbde1fbb6ec6610c","payload":{"title":"Preferences"}}
2025-03-08T13:16:04.190Z TRACE Connection: {"action":"com.daveknights.sibelius-actions.plugin-runner","context":"1d58c8adad9e1654cbde1fbb6ec6610c","device":"A3106D9454BC34DA78B6DFED59D9B45F","event":"keyDown","payload":{"coordinates":{"column":1,"row":0},"isInMultiAction":false,"settings":{"category":"","pluginName":"Preferences"}}}
2025-03-08T13:16:04.340Z TRACE Connection: {"action":"com.daveknights.sibelius-actions.plugin-runner","context":"1d58c8adad9e1654cbde1fbb6ec6610c","device":"A3106D9454BC34DA78B6DFED59D9B45F","event":"keyUp","payload":{"coordinates":{"column":1,"row":0},"isInMultiAction":false,"settings":{"category":"","pluginName":"Preferences"}}}
2025-03-08T13:16:35.017Z TRACE Connection: {"action":"com.daveknights.sibelius-actions.plugin-runner","context":"63efa8b06329b97ccd1d5bea656480e4","device":"A3106D9454BC34DA78B6DFED59D9B45F","event":"willAppear","payload":{"controller":"Keypad","coordinates":{"column":2,"row":0},"isInMultiAction":false,"settings":{}}}
2025-03-08T13:16:35.017Z TRACE Connection: {"action":"com.daveknights.sibelius-actions.plugin-runner","context":"63efa8b06329b97ccd1d5bea656480e4","device":"A3106D9454BC34DA78B6DFED59D9B45F","event":"titleParametersDidChange","payload":{"controller":"Keypad","coordinates":{"column":2,"row":0},"settings":{},"state":0,"title":"","titleParameters":{"fontFamily":"","fontSize":12,"fontStyle":"","fontUnderline":false,"showTitle":true,"titleAlignment":"middle","titleColor":"#ffffff"}}}
2025-03-08T13:16:35.018Z TRACE Connection: {"event":"getGlobalSettings","context":"DD20077A0D46CF0D1035B34E7F85192D"}
2025-03-08T13:16:35.025Z TRACE Connection: {"event":"didReceiveGlobalSettings","payload":{"settings":{"categoryList":["Other","Batch Processing"],"pluginList":["Preferences","CueLocations","CalculateStatistics"],"plugins":{"Batch Processing":["CueLocations","CalculateStatistics"],"Other":["Preferences"]}}}}
2025-03-08T13:16:35.181Z TRACE Connection: {"action":"com.daveknights.sibelius-actions.plugin-runner","context":"63efa8b06329b97ccd1d5bea656480e4","device":"A3106D9454BC34DA78B6DFED59D9B45F","event":"propertyInspectorDidAppear"}
2025-03-08T13:16:35.181Z TRACE Connection: {"action":"com.daveknights.sibelius-actions.plugin-runner","context":"63efa8b06329b97ccd1d5bea656480e4","event":"sendToPlugin","payload":{"event":"getCategories"}}
2025-03-08T13:16:35.181Z TRACE Connection: {"action":"com.daveknights.sibelius-actions.plugin-runner","context":"63efa8b06329b97ccd1d5bea656480e4","event":"sendToPlugin","payload":{"event":"getNames"}}
2025-03-08T13:16:35.182Z TRACE Connection: {"event":"sendToPropertyInspector","context":"63efa8b06329b97ccd1d5bea656480e4","payload":{"event":"getCategories","items":[{"label":"Other","value":"Other"},{"label":"Batch Processing","value":"Batch Processing"}]}}
2025-03-08T13:16:39.301Z TRACE Connection: {"action":"com.daveknights.sibelius-actions.plugin-runner","context":"63efa8b06329b97ccd1d5bea656480e4","device":"A3106D9454BC34DA78B6DFED59D9B45F","event":"didReceiveSettings","payload":{"controller":"Keypad","coordinates":{"column":2,"row":0},"isInMultiAction":false,"settings":{"category":"Batch Processing"}}}
2025-03-08T13:16:39.302Z TRACE Connection: {"event":"sendToPropertyInspector","context":"63efa8b06329b97ccd1d5bea656480e4","payload":{"event":"getNames","items":[{"label":"CueLocations","value":"CueLocations"},{"label":"CalculateStatistics","value":"CalculateStatistics"}]}}
2025-03-08T13:16:42.561Z TRACE Connection: {"action":"com.daveknights.sibelius-actions.plugin-runner","context":"63efa8b06329b97ccd1d5bea656480e4","device":"A3106D9454BC34DA78B6DFED59D9B45F","event":"didReceiveSettings","payload":{"controller":"Keypad","coordinates":{"column":2,"row":0},"isInMultiAction":false,"settings":{"category":"Batch Processing","pluginName":"CueLocations"}}}
2025-03-08T13:16:42.562Z TRACE Connection: {"event":"sendToPropertyInspector","context":"63efa8b06329b97ccd1d5bea656480e4","payload":{"event":"getNames","items":[{"label":"CueLocations","value":"CueLocations"},{"label":"CalculateStatistics","value":"CalculateStatistics"}]}}
2025-03-08T13:16:42.563Z TRACE Connection: {"event":"setTitle","context":"63efa8b06329b97ccd1d5bea656480e4","payload":{"title":"Cue\nLocations"}}
2025-03-08T13:16:58.666Z TRACE Connection: {"action":"com.daveknights.sibelius-actions.plugin-runner","context":"63efa8b06329b97ccd1d5bea656480e4","device":"A3106D9454BC34DA78B6DFED59D9B45F","event":"keyDown","payload":{"coordinates":{"column":2,"row":0},"isInMultiAction":false,"settings":{"category":"Batch Processing","pluginName":"CueLocations"}}}
2025-03-08T13:16:58.867Z TRACE Connection: {"action":"com.daveknights.sibelius-actions.plugin-runner","context":"63efa8b06329b97ccd1d5bea656480e4","device":"A3106D9454BC34DA78B6DFED59D9B45F","event":"keyUp","payload":{"coordinates":{"column":2,"row":0},"isInMultiAction":false,"settings":{"category":"Batch Processing","pluginName":"CueLocations"}}}
2025-03-08T13:17:11.228Z TRACE Connection: {"action":"com.daveknights.sibelius-actions.plugin-runner","context":"63efa8b06329b97ccd1d5bea656480e4","device":"A3106D9454BC34DA78B6DFED59D9B45F","event":"keyDown","payload":{"coordinates":{"column":2,"row":0},"isInMultiAction":false,"settings":{"category":"Batch Processing","pluginName":"CueLocations"}}}
2025-03-08T13:17:11.480Z TRACE Connection: {"action":"com.daveknights.sibelius-actions.plugin-runner","context":"63efa8b06329b97ccd1d5bea656480e4","device":"A3106D9454BC34DA78B6DFED59D9B45F","event":"keyUp","payload":{"coordinates":{"column":2,"row":0},"isInMultiAction":false,"settings":{"category":"Batch Processing","pluginName":"CueLocations"}}}
2025-03-08T13:17:14.887Z TRACE Connection: {"action":"com.daveknights.sibelius-actions.plugin-runner","context":"63efa8b06329b97ccd1d5bea656480e4","device":"A3106D9454BC34DA78B6DFED59D9B45F","event":"keyDown","payload":{"coordinates":{"column":2,"row":0},"isInMultiAction":false,"settings":{"category":"Batch Processing","pluginName":"CueLocations"}}}
2025-03-08T13:17:15.139Z TRACE Connection: {"action":"com.daveknights.sibelius-actions.plugin-runner","context":"63efa8b06329b97ccd1d5bea656480e4","device":"A3106D9454BC34DA78B6DFED59D9B45F","event":"keyUp","payload":{"coordinates":{"column":2,"row":0},"isInMultiAction":false,"settings":{"category":"Batch Processing","pluginName":"CueLocations"}}}
2025-03-08T13:17:15.904Z TRACE Connection: {"action":"com.daveknights.sibelius-actions.plugin-runner","context":"1d58c8adad9e1654cbde1fbb6ec6610c","device":"A3106D9454BC34DA78B6DFED59D9B45F","event":"keyDown","payload":{"coordinates":{"column":1,"row":0},"isInMultiAction":false,"settings":{"category":"","pluginName":"Preferences"}}}
2025-03-08T13:17:16.053Z TRACE Connection: {"action":"com.daveknights.sibelius-actions.plugin-runner","context":"1d58c8adad9e1654cbde1fbb6ec6610c","device":"A3106D9454BC34DA78B6DFED59D9B45F","event":"keyUp","payload":{"coordinates":{"column":1,"row":0},"isInMultiAction":false,"settings":{"category":"","pluginName":"Preferences"}}}
2025-03-08T13:17:19.823Z TRACE Connection: {"action":"com.daveknights.sibelius-actions.plugin-runner","context":"63efa8b06329b97ccd1d5bea656480e4","device":"A3106D9454BC34DA78B6DFED59D9B45F","event":"keyDown","payload":{"coordinates":{"column":2,"row":0},"isInMultiAction":false,"settings":{"category":"Batch Processing","pluginName":"CueLocations"}}}
2025-03-08T13:17:20.024Z TRACE Connection: {"action":"com.daveknights.sibelius-actions.plugin-runner","context":"63efa8b06329b97ccd1d5bea656480e4","device":"A3106D9454BC34DA78B6DFED59D9B45F","event":"keyUp","payload":{"coordinates":{"column":2,"row":0},"isInMultiAction":false,"settings":{"category":"Batch Processing","pluginName":"CueLocations"}}}
2025-03-08T13:19:43.910Z TRACE Connection: {"action":"com.daveknights.sibelius-actions.plugin-runner","context":"63efa8b06329b97ccd1d5bea656480e4","device":"A3106D9454BC34DA78B6DFED59D9B45F","event":"keyDown","payload":{"coordinates":{"column":2,"row":0},"isInMultiAction":false,"settings":{"category":"Batch Processing","pluginName":"CueLocations"}}}
2025-03-08T13:19:44.059Z TRACE Connection: {"action":"com.daveknights.sibelius-actions.plugin-runner","context":"63efa8b06329b97ccd1d5bea656480e4","device":"A3106D9454BC34DA78B6DFED59D9B45F","event":"keyUp","payload":{"coordinates":{"column":2,"row":0},"isInMultiAction":false,"settings":{"category":"Batch Processing","pluginName":"CueLocations"}}}
2025-03-08T13:19:45.690Z TRACE Connection: {"action":"com.daveknights.sibelius-actions.plugin-runner","context":"63efa8b06329b97ccd1d5bea656480e4","device":"A3106D9454BC34DA78B6DFED59D9B45F","event":"keyDown","payload":{"coordinates":{"column":2,"row":0},"isInMultiAction":false,"settings":{"category":"Batch Processing","pluginName":"CueLocations"}}}
2025-03-08T13:19:45.841Z TRACE Connection: {"action":"com.daveknights.sibelius-actions.plugin-runner","context":"63efa8b06329b97ccd1d5bea656480e4","device":"A3106D9454BC34DA78B6DFED59D9B45F","event":"keyUp","payload":{"coordinates":{"column":2,"row":0},"isInMultiAction":false,"settings":{"category":"Batch Processing","pluginName":"CueLocations"}}}
2025-03-08T13:19:55.504Z TRACE Connection: {"action":"com.daveknights.sibelius-actions.plugin-runner","context":"1d58c8adad9e1654cbde1fbb6ec6610c","device":"A3106D9454BC34DA78B6DFED59D9B45F","event":"keyDown","payload":{"coordinates":{"column":1,"row":0},"isInMultiAction":false,"settings":{"category":"","pluginName":"Preferences"}}}
2025-03-08T13:19:55.602Z TRACE Connection: {"action":"com.daveknights.sibelius-actions.plugin-runner","context":"1d58c8adad9e1654cbde1fbb6ec6610c","device":"A3106D9454BC34DA78B6DFED59D9B45F","event":"keyUp","payload":{"coordinates":{"column":1,"row":0},"isInMultiAction":false,"settings":{"category":"","pluginName":"Preferences"}}}
2025-03-08T13:19:59.872Z TRACE Connection: {"action":"com.daveknights.sibelius-actions.get-all-plugins","context":"b51d80aade5a5a3f80193c74c7776e51","device":"A3106D9454BC34DA78B6DFED59D9B45F","event":"keyDown","payload":{"coordinates":{"column":0,"row":0},"isInMultiAction":false,"settings":{"pluginPath":"/Users/dave/Desktop/sibelius-plugins/access.json"}}}
2025-03-08T13:19:59.881Z TRACE Connection: {"event":"setGlobalSettings","context":"DD20077A0D46CF0D1035B34E7F85192D","payload":{"categoryList":["Other","Batch Processing"],"pluginList":["Preferences","CueLocations","CalculateStatistics"],"plugins":{"Other":["Preferences"],"Batch Processing":["CueLocations","CalculateStatistics"]}}}
2025-03-08T13:19:59.881Z TRACE Connection: {"event":"showOk","context":"b51d80aade5a5a3f80193c74c7776e51"}
2025-03-08T13:20:00.024Z TRACE Connection: {"action":"com.daveknights.sibelius-actions.get-all-plugins","context":"b51d80aade5a5a3f80193c74c7776e51","device":"A3106D9454BC34DA78B6DFED59D9B45F","event":"keyUp","payload":{"coordinates":{"column":0,"row":0},"isInMultiAction":false,"settings":{"pluginPath":"/Users/dave/Desktop/sibelius-plugins/access.json"}}}
2025-03-08T13:20:04.499Z TRACE Connection: {"action":"com.daveknights.sibelius-actions.plugin-runner","context":"63efa8b06329b97ccd1d5bea656480e4","device":"A3106D9454BC34DA78B6DFED59D9B45F","event":"keyDown","payload":{"coordinates":{"column":2,"row":0},"isInMultiAction":false,"settings":{"category":"Batch Processing","pluginName":"CueLocations"}}}
2025-03-08T13:20:04.751Z TRACE Connection: {"action":"com.daveknights.sibelius-actions.plugin-runner","context":"63efa8b06329b97ccd1d5bea656480e4","device":"A3106D9454BC34DA78B6DFED59D9B45F","event":"keyUp","payload":{"coordinates":{"column":2,"row":0},"isInMultiAction":false,"settings":{"category":"Batch Processing","pluginName":"CueLocations"}}}
2025-03-08T13:20:14.262Z TRACE Connection: {"action":"com.daveknights.sibelius-actions.plugin-runner","context":"63efa8b06329b97ccd1d5bea656480e4","device":"A3106D9454BC34DA78B6DFED59D9B45F","event":"keyDown","payload":{"coordinates":{"column":2,"row":0},"isInMultiAction":false,"settings":{"category":"Batch Processing","pluginName":"CueLocations"}}}
2025-03-08T13:20:14.513Z TRACE Connection: {"action":"com.daveknights.sibelius-actions.plugin-runner","context":"63efa8b06329b97ccd1d5bea656480e4","device":"A3106D9454BC34DA78B6DFED59D9B45F","event":"keyUp","payload":{"coordinates":{"column":2,"row":0},"isInMultiAction":false,"settings":{"category":"Batch Processing","pluginName":"CueLocations"}}}
2025-03-08T13:23:39.439Z TRACE Connection: {"action":"com.daveknights.sibelius-actions.plugin-runner","context":"63efa8b06329b97ccd1d5bea656480e4","device":"A3106D9454BC34DA78B6DFED59D9B45F","event":"propertyInspectorDidAppear"}
2025-03-08T13:23:39.439Z TRACE Connection: {"action":"com.daveknights.sibelius-actions.plugin-runner","context":"63efa8b06329b97ccd1d5bea656480e4","event":"sendToPlugin","payload":{"event":"getCategories"}}
2025-03-08T13:23:39.439Z TRACE Connection: {"action":"com.daveknights.sibelius-actions.plugin-runner","context":"63efa8b06329b97ccd1d5bea656480e4","event":"sendToPlugin","payload":{"event":"getNames"}}
2025-03-08T13:23:39.439Z TRACE Connection: {"event":"sendToPropertyInspector","context":"63efa8b06329b97ccd1d5bea656480e4","payload":{"event":"getCategories","items":[{"label":"Other","value":"Other"},{"label":"Batch Processing","value":"Batch Processing"}]}}
2025-03-08T13:23:40.326Z TRACE Connection: {"action":"com.daveknights.sibelius-actions.plugin-runner","context":"63efa8b06329b97ccd1d5bea656480e4","device":"A3106D9454BC34DA78B6DFED59D9B45F","event":"propertyInspectorDidDisappear"}
2025-03-08T13:23:40.327Z TRACE Connection: {"event":"getSettings","context":"63efa8b06329b97ccd1d5bea656480e4"}
2025-03-08T13:23:40.328Z TRACE Connection: {"action":"com.daveknights.sibelius-actions.plugin-runner","context":"63efa8b06329b97ccd1d5bea656480e4","device":"A3106D9454BC34DA78B6DFED59D9B45F","event":"didReceiveSettings","payload":{"controller":"Keypad","coordinates":{"column":2,"row":0},"isInMultiAction":false,"settings":{"category":"Batch Processing","pluginName":"CueLocations"}}}
2025-03-08T13:23:40.328Z TRACE Connection: {"event":"sendToPropertyInspector","context":"63efa8b06329b97ccd1d5bea656480e4","payload":{"event":"getNames","items":[{"label":"CueLocations","value":"CueLocations"},{"label":"CalculateStatistics","value":"CalculateStatistics"}]}}
2025-03-08T13:23:40.329Z TRACE Connection: {"event":"setTitle","context":"63efa8b06329b97ccd1d5bea656480e4","payload":{"title":"Cue\nLocations"}}
2025-03-08T13:23:40.329Z TRACE Connection: {"event":"setSettings","context":"63efa8b06329b97ccd1d5bea656480e4","payload":{"category":"","pluginName":"CueLocations"}}
2025-03-08T13:23:40.625Z TRACE Connection: {"action":"com.daveknights.sibelius-actions.plugin-runner","context":"63efa8b06329b97ccd1d5bea656480e4","device":"A3106D9454BC34DA78B6DFED59D9B45F","event":"willDisappear","payload":{"controller":"Keypad","coordinates":{"column":2,"row":0},"isInMultiAction":false,"settings":{"category":"","pluginName":"CueLocations"}}}
2025-03-08T13:23:41.648Z TRACE Connection: {"action":"com.daveknights.sibelius-actions.plugin-runner","context":"63efa8b06329b97ccd1d5bea656480e4","device":"A3106D9454BC34DA78B6DFED59D9B45F","event":"propertyInspectorDidDisappear"}
2025-03-08T13:23:41.683Z TRACE Connection: {"action":"com.daveknights.sibelius-actions.plugin-runner","context":"1d58c8adad9e1654cbde1fbb6ec6610c","device":"A3106D9454BC34DA78B6DFED59D9B45F","event":"propertyInspectorDidAppear"}
2025-03-08T13:23:41.683Z TRACE Connection: {"action":"com.daveknights.sibelius-actions.plugin-runner","context":"1d58c8adad9e1654cbde1fbb6ec6610c","event":"sendToPlugin","payload":{"event":"getCategories"}}
2025-03-08T13:23:41.683Z TRACE Connection: {"action":"com.daveknights.sibelius-actions.plugin-runner","context":"1d58c8adad9e1654cbde1fbb6ec6610c","event":"sendToPlugin","payload":{"event":"getNames"}}
2025-03-08T13:23:41.683Z TRACE Connection: {"event":"sendToPropertyInspector","context":"1d58c8adad9e1654cbde1fbb6ec6610c","payload":{"event":"getCategories","items":[{"label":"Other","value":"Other"},{"label":"Batch Processing","value":"Batch Processing"}]}}
2025-03-08T13:23:45.188Z TRACE Connection: {"action":"com.daveknights.sibelius-actions.plugin-runner","context":"1d58c8adad9e1654cbde1fbb6ec6610c","device":"A3106D9454BC34DA78B6DFED59D9B45F","event":"willDisappear","payload":{"controller":"Keypad","coordinates":{"column":1,"row":0},"isInMultiAction":false,"settings":{"category":"","pluginName":"Preferences"}}}
2025-03-08T13:23:45.758Z TRACE Connection: {"action":"com.daveknights.sibelius-actions.get-all-plugins","context":"b51d80aade5a5a3f80193c74c7776e51","device":"A3106D9454BC34DA78B6DFED59D9B45F","event":"propertyInspectorDidAppear"}
2025-03-08T13:23:46.218Z TRACE Connection: {"action":"com.daveknights.sibelius-actions.plugin-runner","context":"1d58c8adad9e1654cbde1fbb6ec6610c","device":"A3106D9454BC34DA78B6DFED59D9B45F","event":"propertyInspectorDidDisappear"}
2025-03-08T13:23:47.051Z TRACE Connection: {"action":"com.daveknights.sibelius-actions.get-all-plugins","context":"b51d80aade5a5a3f80193c74c7776e51","device":"A3106D9454BC34DA78B6DFED59D9B45F","event":"willDisappear","payload":{"controller":"Keypad","coordinates":{"column":0,"row":0},"isInMultiAction":false,"settings":{"pluginPath":"/Users/dave/Desktop/sibelius-plugins/access.json"}}}
2025-03-08T13:23:48.079Z TRACE Connection: {"action":"com.daveknights.sibelius-actions.get-all-plugins","context":"b51d80aade5a5a3f80193c74c7776e51","device":"A3106D9454BC34DA78B6DFED59D9B45F","event":"propertyInspectorDidDisappear"}
2025-03-08T13:24:37.166Z TRACE Connection: {"action":"com.daveknights.sibelius-actions.get-all-plugins","context":"b51d80aade5a5a3f80193c74c7776e51","device":"A3106D9454BC34DA78B6DFED59D9B45F","event":"willAppear","payload":{"controller":"Keypad","coordinates":{"column":0,"row":0},"isInMultiAction":false,"settings":{}}}
2025-03-08T13:24:37.167Z TRACE Connection: {"action":"com.daveknights.sibelius-actions.get-all-plugins","context":"b51d80aade5a5a3f80193c74c7776e51","device":"A3106D9454BC34DA78B6DFED59D9B45F","event":"titleParametersDidChange","payload":{"controller":"Keypad","coordinates":{"column":0,"row":0},"settings":{},"state":0,"title":"","titleParameters":{"fontFamily":"","fontSize":12,"fontStyle":"","fontUnderline":false,"showTitle":true,"titleAlignment":"middle","titleColor":"#ffffff"}}}
2025-03-08T13:24:37.167Z TRACE Connection: {"event":"getGlobalSettings","context":"DD20077A0D46CF0D1035B34E7F85192D"}
2025-03-08T13:24:37.175Z TRACE Connection: {"event":"didReceiveGlobalSettings","payload":{"settings":{"categoryList":["Other","Batch Processing"],"pluginList":["Preferences","CueLocations","CalculateStatistics"],"plugins":{"Batch Processing":["CueLocations","CalculateStatistics"],"Other":["Preferences"]}}}}
2025-03-08T13:24:37.225Z TRACE Connection: {"action":"com.daveknights.sibelius-actions.get-all-plugins","context":"b51d80aade5a5a3f80193c74c7776e51","device":"A3106D9454BC34DA78B6DFED59D9B45F","event":"propertyInspectorDidAppear"}
2025-03-08T13:24:41.610Z TRACE Connection: {"action":"com.daveknights.sibelius-actions.get-all-plugins","context":"b51d80aade5a5a3f80193c74c7776e51","device":"A3106D9454BC34DA78B6DFED59D9B45F","event":"didReceiveSettings","payload":{"controller":"Keypad","coordinates":{"column":0,"row":0},"isInMultiAction":false,"settings":{"pluginPath":"/Users/dave/Desktop/sibelius-plugins/access.json"}}}
2025-03-08T13:24:44.111Z TRACE Connection: {"action":"com.daveknights.sibelius-actions.get-all-plugins","context":"b51d80aade5a5a3f80193c74c7776e51","device":"A3106D9454BC34DA78B6DFED59D9B45F","event":"propertyInspectorDidDisappear"}
2025-03-08T13:24:44.264Z TRACE Connection: {"action":"com.daveknights.sibelius-actions.plugin-runner","context":"1d58c8adad9e1654cbde1fbb6ec6610c","device":"A3106D9454BC34DA78B6DFED59D9B45F","event":"willAppear","payload":{"controller":"Keypad","coordinates":{"column":1,"row":0},"isInMultiAction":false,"settings":{}}}
2025-03-08T13:24:44.264Z TRACE Connection: {"action":"com.daveknights.sibelius-actions.plugin-runner","context":"1d58c8adad9e1654cbde1fbb6ec6610c","device":"A3106D9454BC34DA78B6DFED59D9B45F","event":"titleParametersDidChange","payload":{"controller":"Keypad","coordinates":{"column":1,"row":0},"settings":{},"state":0,"title":"","titleParameters":{"fontFamily":"","fontSize":12,"fontStyle":"","fontUnderline":false,"showTitle":true,"titleAlignment":"middle","titleColor":"#ffffff"}}}
2025-03-08T13:24:44.264Z TRACE Connection: {"event":"getGlobalSettings","context":"DD20077A0D46CF0D1035B34E7F85192D"}
2025-03-08T13:24:44.273Z TRACE Connection: {"event":"didReceiveGlobalSettings","payload":{"settings":{"categoryList":["Other","Batch Processing"],"pluginList":["Preferences","CueLocations","CalculateStatistics"],"plugins":{"Batch Processing":["CueLocations","CalculateStatistics"],"Other":["Preferences"]}}}}
2025-03-08T13:24:44.322Z TRACE Connection: {"action":"com.daveknights.sibelius-actions.plugin-runner","context":"1d58c8adad9e1654cbde1fbb6ec6610c","device":"A3106D9454BC34DA78B6DFED59D9B45F","event":"propertyInspectorDidAppear"}
2025-03-08T13:24:44.323Z TRACE Connection: {"action":"com.daveknights.sibelius-actions.plugin-runner","context":"1d58c8adad9e1654cbde1fbb6ec6610c","event":"sendToPlugin","payload":{"event":"getCategories"}}
2025-03-08T13:24:44.323Z TRACE Connection: {"action":"com.daveknights.sibelius-actions.plugin-runner","context":"1d58c8adad9e1654cbde1fbb6ec6610c","event":"sendToPlugin","payload":{"event":"getNames"}}
2025-03-08T13:24:44.323Z TRACE Connection: {"event":"sendToPropertyInspector","context":"1d58c8adad9e1654cbde1fbb6ec6610c","payload":{"event":"getCategories","items":[{"label":"Other","value":"Other"},{"label":"Batch Processing","value":"Batch Processing"}]}}
2025-03-08T13:24:47.764Z TRACE Connection: {"action":"com.daveknights.sibelius-actions.plugin-runner","context":"1d58c8adad9e1654cbde1fbb6ec6610c","device":"A3106D9454BC34DA78B6DFED59D9B45F","event":"didReceiveSettings","payload":{"controller":"Keypad","coordinates":{"column":1,"row":0},"isInMultiAction":false,"settings":{"category":"Batch Processing"}}}
2025-03-08T13:24:47.765Z TRACE Connection: {"event":"sendToPropertyInspector","context":"1d58c8adad9e1654cbde1fbb6ec6610c","payload":{"event":"getNames","items":[{"label":"CueLocations","value":"CueLocations"},{"label":"CalculateStatistics","value":"CalculateStatistics"}]}}
2025-03-08T13:24:49.260Z TRACE Connection: {"action":"com.daveknights.sibelius-actions.plugin-runner","context":"1d58c8adad9e1654cbde1fbb6ec6610c","device":"A3106D9454BC34DA78B6DFED59D9B45F","event":"didReceiveSettings","payload":{"controller":"Keypad","coordinates":{"column":1,"row":0},"isInMultiAction":false,"settings":{"category":"Batch Processing","pluginName":"CueLocations"}}}
2025-03-08T13:24:49.262Z TRACE Connection: {"event":"sendToPropertyInspector","context":"1d58c8adad9e1654cbde1fbb6ec6610c","payload":{"event":"getNames","items":[{"label":"CueLocations","value":"CueLocations"},{"label":"CalculateStatistics","value":"CalculateStatistics"}]}}
2025-03-08T13:24:49.262Z TRACE Connection: {"event":"setTitle","context":"1d58c8adad9e1654cbde1fbb6ec6610c","payload":{"title":"Cue\nLocations"}}
2025-03-08T13:24:56.067Z TRACE Connection: {"action":"com.daveknights.sibelius-actions.plugin-runner","context":"1d58c8adad9e1654cbde1fbb6ec6610c","device":"A3106D9454BC34DA78B6DFED59D9B45F","event":"keyDown","payload":{"coordinates":{"column":1,"row":0},"isInMultiAction":false,"settings":{"category":"Batch Processing","pluginName":"CueLocations"}}}
2025-03-08T13:24:56.216Z TRACE Connection: {"action":"com.daveknights.sibelius-actions.plugin-runner","context":"1d58c8adad9e1654cbde1fbb6ec6610c","device":"A3106D9454BC34DA78B6DFED59D9B45F","event":"keyUp","payload":{"coordinates":{"column":1,"row":0},"isInMultiAction":false,"settings":{"category":"Batch Processing","pluginName":"CueLocations"}}}
2025-03-08T13:24:58.001Z TRACE Connection: {"action":"com.daveknights.sibelius-actions.plugin-runner","context":"1d58c8adad9e1654cbde1fbb6ec6610c","device":"A3106D9454BC34DA78B6DFED59D9B45F","event":"keyDown","payload":{"coordinates":{"column":1,"row":0},"isInMultiAction":false,"settings":{"category":"Batch Processing","pluginName":"CueLocations"}}}
2025-03-08T13:24:58.305Z TRACE Connection: {"action":"com.daveknights.sibelius-actions.plugin-runner","context":"1d58c8adad9e1654cbde1fbb6ec6610c","device":"A3106D9454BC34DA78B6DFED59D9B45F","event":"keyUp","payload":{"coordinates":{"column":1,"row":0},"isInMultiAction":false,"settings":{"category":"Batch Processing","pluginName":"CueLocations"}}}
2025-03-08T13:25:34.262Z TRACE Connection: {"action":"com.daveknights.sibelius-actions.plugin-runner","context":"63efa8b06329b97ccd1d5bea656480e4","device":"A3106D9454BC34DA78B6DFED59D9B45F","event":"willAppear","payload":{"controller":"Keypad","coordinates":{"column":2,"row":0},"isInMultiAction":false,"settings":{}}}
2025-03-08T13:25:34.262Z TRACE Connection: {"action":"com.daveknights.sibelius-actions.plugin-runner","context":"63efa8b06329b97ccd1d5bea656480e4","device":"A3106D9454BC34DA78B6DFED59D9B45F","event":"titleParametersDidChange","payload":{"controller":"Keypad","coordinates":{"column":2,"row":0},"settings":{},"state":0,"title":"","titleParameters":{"fontFamily":"","fontSize":12,"fontStyle":"","fontUnderline":false,"showTitle":true,"titleAlignment":"middle","titleColor":"#ffffff"}}}
2025-03-08T13:25:34.263Z TRACE Connection: {"event":"getGlobalSettings","context":"DD20077A0D46CF0D1035B34E7F85192D"}
2025-03-08T13:25:34.282Z TRACE Connection: {"event":"didReceiveGlobalSettings","payload":{"settings":{"categoryList":["Other","Batch Processing"],"pluginList":["Preferences","CueLocations","CalculateStatistics"],"plugins":{"Batch Processing":["CueLocations","CalculateStatistics"],"Other":["Preferences"]}}}}
2025-03-08T13:25:34.321Z TRACE Connection: {"action":"com.daveknights.sibelius-actions.plugin-runner","context":"63efa8b06329b97ccd1d5bea656480e4","device":"A3106D9454BC34DA78B6DFED59D9B45F","event":"propertyInspectorDidAppear"}
2025-03-08T13:25:34.321Z TRACE Connection: {"action":"com.daveknights.sibelius-actions.plugin-runner","context":"63efa8b06329b97ccd1d5bea656480e4","event":"sendToPlugin","payload":{"event":"getCategories"}}
2025-03-08T13:25:34.321Z TRACE Connection: {"action":"com.daveknights.sibelius-actions.plugin-runner","context":"63efa8b06329b97ccd1d5bea656480e4","event":"sendToPlugin","payload":{"event":"getNames"}}
2025-03-08T13:25:34.321Z TRACE Connection: {"event":"sendToPropertyInspector","context":"63efa8b06329b97ccd1d5bea656480e4","payload":{"event":"getCategories","items":[{"label":"Other","value":"Other"},{"label":"Batch Processing","value":"Batch Processing"}]}}
2025-03-08T13:25:34.443Z TRACE Connection: {"action":"com.daveknights.sibelius-actions.plugin-runner","context":"1d58c8adad9e1654cbde1fbb6ec6610c","device":"A3106D9454BC34DA78B6DFED59D9B45F","event":"propertyInspectorDidDisappear"}
2025-03-08T13:25:34.444Z TRACE Connection: {"event":"getSettings","context":"1d58c8adad9e1654cbde1fbb6ec6610c"}
2025-03-08T13:25:34.444Z TRACE Connection: {"action":"com.daveknights.sibelius-actions.plugin-runner","context":"1d58c8adad9e1654cbde1fbb6ec6610c","device":"A3106D9454BC34DA78B6DFED59D9B45F","event":"didReceiveSettings","payload":{"controller":"Keypad","coordinates":{"column":1,"row":0},"isInMultiAction":false,"settings":{"category":"Batch Processing","pluginName":"CueLocations"}}}
2025-03-08T13:25:34.445Z TRACE Connection: {"event":"sendToPropertyInspector","context":"63efa8b06329b97ccd1d5bea656480e4","payload":{"event":"getNames","items":[{"label":"CueLocations","value":"CueLocations"},{"label":"CalculateStatistics","value":"CalculateStatistics"}]}}
2025-03-08T13:25:34.445Z TRACE Connection: {"event":"setTitle","context":"1d58c8adad9e1654cbde1fbb6ec6610c","payload":{"title":"Cue\nLocations"}}
2025-03-08T13:25:34.445Z TRACE Connection: {"event":"setSettings","context":"1d58c8adad9e1654cbde1fbb6ec6610c","payload":{"category":"","pluginName":"CueLocations"}}
2025-03-08T13:25:38.332Z TRACE Connection: {"action":"com.daveknights.sibelius-actions.plugin-runner","context":"63efa8b06329b97ccd1d5bea656480e4","device":"A3106D9454BC34DA78B6DFED59D9B45F","event":"didReceiveSettings","payload":{"controller":"Keypad","coordinates":{"column":2,"row":0},"isInMultiAction":false,"settings":{"category":"Batch Processing"}}}
2025-03-08T13:25:38.333Z TRACE Connection: {"event":"sendToPropertyInspector","context":"63efa8b06329b97ccd1d5bea656480e4","payload":{"event":"getNames","items":[{"label":"CueLocations","value":"CueLocations"},{"label":"CalculateStatistics","value":"CalculateStatistics"}]}}
2025-03-08T13:25:40.320Z TRACE Connection: {"action":"com.daveknights.sibelius-actions.plugin-runner","context":"63efa8b06329b97ccd1d5bea656480e4","device":"A3106D9454BC34DA78B6DFED59D9B45F","event":"didReceiveSettings","payload":{"controller":"Keypad","coordinates":{"column":2,"row":0},"isInMultiAction":false,"settings":{"category":"Batch Processing","pluginName":"CalculateStatistics"}}}
2025-03-08T13:25:40.321Z TRACE Connection: {"event":"sendToPropertyInspector","context":"63efa8b06329b97ccd1d5bea656480e4","payload":{"event":"getNames","items":[{"label":"CueLocations","value":"CueLocations"},{"label":"CalculateStatistics","value":"CalculateStatistics"}]}}
2025-03-08T13:25:40.322Z TRACE Connection: {"event":"setTitle","context":"63efa8b06329b97ccd1d5bea656480e4","payload":{"title":"Calculate\nStatistics"}}
2025-03-08T13:25:43.778Z TRACE Connection: {"action":"com.daveknights.sibelius-actions.plugin-runner","context":"63efa8b06329b97ccd1d5bea656480e4","device":"A3106D9454BC34DA78B6DFED59D9B45F","event":"keyDown","payload":{"coordinates":{"column":2,"row":0},"isInMultiAction":false,"settings":{"category":"Batch Processing","pluginName":"CalculateStatistics"}}}
2025-03-08T13:25:43.978Z TRACE Connection: {"action":"com.daveknights.sibelius-actions.plugin-runner","context":"63efa8b06329b97ccd1d5bea656480e4","device":"A3106D9454BC34DA78B6DFED59D9B45F","event":"keyUp","payload":{"coordinates":{"column":2,"row":0},"isInMultiAction":false,"settings":{"category":"Batch Processing","pluginName":"CalculateStatistics"}}}
2025-03-08T13:25:49.661Z TRACE Connection: {"action":"com.daveknights.sibelius-actions.plugin-runner","context":"63efa8b06329b97ccd1d5bea656480e4","device":"A3106D9454BC34DA78B6DFED59D9B45F","event":"propertyInspectorDidDisappear"}
2025-03-08T13:25:49.663Z TRACE Connection: {"event":"getSettings","context":"63efa8b06329b97ccd1d5bea656480e4"}
2025-03-08T13:25:49.664Z TRACE Connection: {"action":"com.daveknights.sibelius-actions.plugin-runner","context":"63efa8b06329b97ccd1d5bea656480e4","device":"A3106D9454BC34DA78B6DFED59D9B45F","event":"didReceiveSettings","payload":{"controller":"Keypad","coordinates":{"column":2,"row":0},"isInMultiAction":false,"settings":{"category":"Batch Processing","pluginName":"CalculateStatistics"}}}
2025-03-08T13:25:49.665Z TRACE Connection: {"event":"setTitle","context":"63efa8b06329b97ccd1d5bea656480e4","payload":{"title":"Calculate\nStatistics"}}
2025-03-08T13:25:49.666Z TRACE Connection: {"event":"setSettings","context":"63efa8b06329b97ccd1d5bea656480e4","payload":{"category":"","pluginName":"CalculateStatistics"}}
2025-03-08T13:25:49.846Z TRACE Connection: {"action":"com.daveknights.sibelius-actions.plugin-runner","context":"5bec1b190b140de8e6cf1b33fd6d5cf2","device":"A3106D9454BC34DA78B6DFED59D9B45F","event":"willAppear","payload":{"controller":"Keypad","coordinates":{"column":3,"row":0},"isInMultiAction":false,"settings":{}}}
2025-03-08T13:25:49.847Z TRACE Connection: {"action":"com.daveknights.sibelius-actions.plugin-runner","context":"5bec1b190b140de8e6cf1b33fd6d5cf2","device":"A3106D9454BC34DA78B6DFED59D9B45F","event":"titleParametersDidChange","payload":{"controller":"Keypad","coordinates":{"column":3,"row":0},"settings":{},"state":0,"title":"","titleParameters":{"fontFamily":"","fontSize":12,"fontStyle":"","fontUnderline":false,"showTitle":true,"titleAlignment":"middle","titleColor":"#ffffff"}}}
2025-03-08T13:25:49.847Z TRACE Connection: {"event":"getGlobalSettings","context":"DD20077A0D46CF0D1035B34E7F85192D"}
2025-03-08T13:25:49.855Z TRACE Connection: {"event":"didReceiveGlobalSettings","payload":{"settings":{"categoryList":["Other","Batch Processing"],"pluginList":["Preferences","CueLocations","CalculateStatistics"],"plugins":{"Batch Processing":["CueLocations","CalculateStatistics"],"Other":["Preferences"]}}}}
2025-03-08T13:25:49.906Z TRACE Connection: {"action":"com.daveknights.sibelius-actions.plugin-runner","context":"5bec1b190b140de8e6cf1b33fd6d5cf2","device":"A3106D9454BC34DA78B6DFED59D9B45F","event":"propertyInspectorDidAppear"}
2025-03-08T13:25:49.906Z TRACE Connection: {"action":"com.daveknights.sibelius-actions.plugin-runner","context":"5bec1b190b140de8e6cf1b33fd6d5cf2","event":"sendToPlugin","payload":{"event":"getCategories"}}
2025-03-08T13:25:49.906Z TRACE Connection: {"action":"com.daveknights.sibelius-actions.plugin-runner","context":"5bec1b190b140de8e6cf1b33fd6d5cf2","event":"sendToPlugin","payload":{"event":"getNames"}}
2025-03-08T13:25:49.906Z TRACE Connection: {"event":"sendToPropertyInspector","context":"5bec1b190b140de8e6cf1b33fd6d5cf2","payload":{"event":"getCategories","items":[{"label":"Other","value":"Other"},{"label":"Batch Processing","value":"Batch Processing"}]}}
2025-03-08T13:25:52.898Z TRACE Connection: {"action":"com.daveknights.sibelius-actions.plugin-runner","context":"5bec1b190b140de8e6cf1b33fd6d5cf2","device":"A3106D9454BC34DA78B6DFED59D9B45F","event":"didReceiveSettings","payload":{"controller":"Keypad","coordinates":{"column":3,"row":0},"isInMultiAction":false,"settings":{"category":"Other"}}}
2025-03-08T13:25:52.899Z TRACE Connection: {"event":"sendToPropertyInspector","context":"5bec1b190b140de8e6cf1b33fd6d5cf2","payload":{"event":"getNames","items":[{"label":"Preferences","value":"Preferences"}]}}
2025-03-08T13:25:54.454Z TRACE Connection: {"action":"com.daveknights.sibelius-actions.plugin-runner","context":"5bec1b190b140de8e6cf1b33fd6d5cf2","device":"A3106D9454BC34DA78B6DFED59D9B45F","event":"didReceiveSettings","payload":{"controller":"Keypad","coordinates":{"column":3,"row":0},"isInMultiAction":false,"settings":{"category":"Other","pluginName":"Preferences"}}}
2025-03-08T13:25:54.455Z TRACE Connection: {"event":"sendToPropertyInspector","context":"5bec1b190b140de8e6cf1b33fd6d5cf2","payload":{"event":"getNames","items":[{"label":"Preferences","value":"Preferences"}]}}
2025-03-08T13:25:54.456Z TRACE Connection: {"event":"setTitle","context":"5bec1b190b140de8e6cf1b33fd6d5cf2","payload":{"title":"Preferences"}}
2025-03-08T13:25:56.587Z TRACE Connection: {"action":"com.daveknights.sibelius-actions.plugin-runner","context":"5bec1b190b140de8e6cf1b33fd6d5cf2","device":"A3106D9454BC34DA78B6DFED59D9B45F","event":"keyDown","payload":{"coordinates":{"column":3,"row":0},"isInMultiAction":false,"settings":{"category":"Other","pluginName":"Preferences"}}}
2025-03-08T13:25:56.685Z TRACE Connection: {"action":"com.daveknights.sibelius-actions.plugin-runner","context":"5bec1b190b140de8e6cf1b33fd6d5cf2","device":"A3106D9454BC34DA78B6DFED59D9B45F","event":"keyUp","payload":{"coordinates":{"column":3,"row":0},"isInMultiAction":false,"settings":{"category":"Other","pluginName":"Preferences"}}}
2025-03-08T13:25:59.695Z TRACE Connection: {"action":"com.daveknights.sibelius-actions.plugin-runner","context":"63efa8b06329b97ccd1d5bea656480e4","device":"A3106D9454BC34DA78B6DFED59D9B45F","event":"keyDown","payload":{"coordinates":{"column":2,"row":0},"isInMultiAction":false,"settings":{"category":"","pluginName":"CalculateStatistics"}}}
2025-03-08T13:25:59.791Z TRACE Connection: {"action":"com.daveknights.sibelius-actions.plugin-runner","context":"63efa8b06329b97ccd1d5bea656480e4","device":"A3106D9454BC34DA78B6DFED59D9B45F","event":"keyUp","payload":{"coordinates":{"column":2,"row":0},"isInMultiAction":false,"settings":{"category":"","pluginName":"CalculateStatistics"}}}
2025-03-08T13:27:01.191Z TRACE Connection: {"action":"com.daveknights.sibelius-actions.plugin-runner","context":"1d58c8adad9e1654cbde1fbb6ec6610c","device":"A3106D9454BC34DA78B6DFED59D9B45F","event":"propertyInspectorDidAppear"}
2025-03-08T13:27:01.191Z TRACE Connection: {"action":"com.daveknights.sibelius-actions.plugin-runner","context":"1d58c8adad9e1654cbde1fbb6ec6610c","event":"sendToPlugin","payload":{"event":"getCategories"}}
2025-03-08T13:27:01.191Z TRACE Connection: {"action":"com.daveknights.sibelius-actions.plugin-runner","context":"1d58c8adad9e1654cbde1fbb6ec6610c","event":"sendToPlugin","payload":{"event":"getNames"}}
2025-03-08T13:27:01.191Z TRACE Connection: {"event":"sendToPropertyInspector","context":"1d58c8adad9e1654cbde1fbb6ec6610c","payload":{"event":"getCategories","items":[{"label":"Other","value":"Other"},{"label":"Batch Processing","value":"Batch Processing"}]}}
2025-03-08T13:27:02.095Z TRACE Connection: {"action":"com.daveknights.sibelius-actions.plugin-runner","context":"5bec1b190b140de8e6cf1b33fd6d5cf2","device":"A3106D9454BC34DA78B6DFED59D9B45F","event":"propertyInspectorDidDisappear"}
2025-03-08T13:27:02.096Z TRACE Connection: {"event":"getSettings","context":"5bec1b190b140de8e6cf1b33fd6d5cf2"}
2025-03-08T13:27:02.097Z TRACE Connection: {"action":"com.daveknights.sibelius-actions.plugin-runner","context":"5bec1b190b140de8e6cf1b33fd6d5cf2","device":"A3106D9454BC34DA78B6DFED59D9B45F","event":"didReceiveSettings","payload":{"controller":"Keypad","coordinates":{"column":3,"row":0},"isInMultiAction":false,"settings":{"category":"Other","pluginName":"Preferences"}}}
2025-03-08T13:27:02.097Z TRACE Connection: {"event":"sendToPropertyInspector","context":"1d58c8adad9e1654cbde1fbb6ec6610c","payload":{"event":"getNames","items":[{"label":"Preferences","value":"Preferences"}]}}
2025-03-08T13:27:02.097Z TRACE Connection: {"event":"setTitle","context":"5bec1b190b140de8e6cf1b33fd6d5cf2","payload":{"title":"Preferences"}}
2025-03-08T13:27:02.098Z TRACE Connection: {"event":"setSettings","context":"5bec1b190b140de8e6cf1b33fd6d5cf2","payload":{"category":"","pluginName":"Preferences"}}
2025-03-08T13:27:04.863Z TRACE Connection: {"action":"com.daveknights.sibelius-actions.plugin-runner","context":"1d58c8adad9e1654cbde1fbb6ec6610c","device":"A3106D9454BC34DA78B6DFED59D9B45F","event":"willDisappear","payload":{"controller":"Keypad","coordinates":{"column":1,"row":0},"isInMultiAction":false,"settings":{"category":"","pluginName":"CueLocations"}}}
2025-03-08T13:27:05.889Z TRACE Connection: {"action":"com.daveknights.sibelius-actions.plugin-runner","context":"1d58c8adad9e1654cbde1fbb6ec6610c","device":"A3106D9454BC34DA78B6DFED59D9B45F","event":"propertyInspectorDidDisappear"}
2025-03-08T13:37:34.421Z TRACE Connection: {"device":"A3106D9454BC34DA78B6DFED59D9B45F","event":"deviceDidDisconnect"}
2025-03-08T14:31:51.509Z TRACE Connection: {"event":"systemDidWakeUp"}
2025-03-08T14:31:54.841Z TRACE Connection: {"device":"A3106D9454BC34DA78B6DFED59D9B45F","deviceInfo":{"name":"Stream Deck +","size":{"columns":4,"rows":2},"type":7},"event":"deviceDidConnect"}
2025-03-08T14:34:56.245Z TRACE Connection: {"action":"com.daveknights.sibelius-actions.plugin-runner","context":"5bec1b190b140de8e6cf1b33fd6d5cf2","device":"A3106D9454BC34DA78B6DFED59D9B45F","event":"propertyInspectorDidAppear"}
2025-03-08T14:34:56.245Z TRACE Connection: {"action":"com.daveknights.sibelius-actions.plugin-runner","context":"5bec1b190b140de8e6cf1b33fd6d5cf2","event":"sendToPlugin","payload":{"event":"getCategories"}}
2025-03-08T14:34:56.245Z TRACE Connection: {"action":"com.daveknights.sibelius-actions.plugin-runner","context":"5bec1b190b140de8e6cf1b33fd6d5cf2","event":"sendToPlugin","payload":{"event":"getNames"}}
2025-03-08T14:34:56.245Z TRACE Connection: {"event":"sendToPropertyInspector","context":"5bec1b190b140de8e6cf1b33fd6d5cf2","payload":{"event":"getCategories","items":[{"label":"Other","value":"Other"},{"label":"Batch Processing","value":"Batch Processing"}]}}
2025-03-08T14:34:58.799Z TRACE Connection: {"action":"com.daveknights.sibelius-actions.plugin-runner","context":"5bec1b190b140de8e6cf1b33fd6d5cf2","device":"A3106D9454BC34DA78B6DFED59D9B45F","event":"willDisappear","payload":{"controller":"Keypad","coordinates":{"column":3,"row":0},"isInMultiAction":false,"settings":{"category":"","pluginName":"Preferences"}}}
2025-03-08T14:34:59.865Z TRACE Connection: {"action":"com.daveknights.sibelius-actions.plugin-runner","context":"5bec1b190b140de8e6cf1b33fd6d5cf2","device":"A3106D9454BC34DA78B6DFED59D9B45F","event":"propertyInspectorDidDisappear"}
2025-03-08T14:34:59.919Z TRACE Connection: {"action":"com.daveknights.sibelius-actions.plugin-runner","context":"63efa8b06329b97ccd1d5bea656480e4","device":"A3106D9454BC34DA78B6DFED59D9B45F","event":"propertyInspectorDidAppear"}
2025-03-08T14:34:59.919Z TRACE Connection: {"action":"com.daveknights.sibelius-actions.plugin-runner","context":"63efa8b06329b97ccd1d5bea656480e4","event":"sendToPlugin","payload":{"event":"getCategories"}}
2025-03-08T14:34:59.919Z TRACE Connection: {"action":"com.daveknights.sibelius-actions.plugin-runner","context":"63efa8b06329b97ccd1d5bea656480e4","event":"sendToPlugin","payload":{"event":"getNames"}}
2025-03-08T14:34:59.919Z TRACE Connection: {"event":"sendToPropertyInspector","context":"63efa8b06329b97ccd1d5bea656480e4","payload":{"event":"getCategories","items":[{"label":"Other","value":"Other"},{"label":"Batch Processing","value":"Batch Processing"}]}}
2025-03-08T14:35:00.971Z TRACE Connection: {"action":"com.daveknights.sibelius-actions.plugin-runner","context":"63efa8b06329b97ccd1d5bea656480e4","device":"A3106D9454BC34DA78B6DFED59D9B45F","event":"willDisappear","payload":{"controller":"Keypad","coordinates":{"column":2,"row":0},"isInMultiAction":false,"settings":{"category":"","pluginName":"CalculateStatistics"}}}
2025-03-08T14:35:02.001Z TRACE Connection: {"action":"com.daveknights.sibelius-actions.plugin-runner","context":"63efa8b06329b97ccd1d5bea656480e4","device":"A3106D9454BC34DA78B6DFED59D9B45F","event":"propertyInspectorDidDisappear"}
