2025-03-08T14:35:13.851Z DEBUG RegistrationParameters: port=28196
2025-03-08T14:35:13.852Z DEBUG RegistrationParameters: pluginUUID=BD613658A45635E30AE9292978F9ABA3
2025-03-08T14:35:13.852Z DEBUG RegistrationParameters: registerEvent=registerPlugin
2025-03-08T14:35:13.852Z DEBUG RegistrationParameters: info={"application":{"font":".AppleSystemUIFont","language":"en","platform":"mac","platformVersion":"15.3.1","version":"6.8.1.21263"},"colors":{"buttonPressedBackgroundColor":"#303030FF","buttonPressedBorderColor":"#646464FF","buttonPressedTextColor":"#969696FF","disabledColor":"#007AFF59","highlightColor":"#007AFFFF","mouseDownColor":"#005CD7FF"},"devicePixelRatio":1,"devices":[{"id":"A3106D9454BC34DA78B6DFED59D9B45F","name":"Stream Deck +","size":{"columns":4,"rows":2},"type":7}],"plugin":{"uuid":"com.daveknights.sibelius-actions","version":"0.1.0.0"}}
2025-03-08T14:35:13.856Z TRACE Connection: {"device":"A3106D9454BC34DA78B6DFED59D9B45F","deviceInfo":{"name":"Stream Deck +","size":{"columns":4,"rows":2},"type":7},"event":"deviceDidConnect"}
2025-03-08T14:35:13.856Z TRACE Connection: {"action":"com.daveknights.sibelius-actions.get-all-plugins","context":"b51d80aade5a5a3f80193c74c7776e51","device":"A3106D9454BC34DA78B6DFED59D9B45F","event":"willAppear","payload":{"controller":"Keypad","coordinates":{"column":0,"row":0},"isInMultiAction":false,"settings":{"pluginPath":"/Users/dave/Desktop/sibelius-plugins/access.json"}}}
2025-03-08T14:35:13.857Z TRACE Connection: {"action":"com.daveknights.sibelius-actions.get-all-plugins","context":"b51d80aade5a5a3f80193c74c7776e51","device":"A3106D9454BC34DA78B6DFED59D9B45F","event":"titleParametersDidChange","payload":{"controller":"Keypad","coordinates":{"column":0,"row":0},"settings":{"pluginPath":"/Users/dave/Desktop/sibelius-plugins/access.json"},"state":0,"title":"","titleParameters":{"fontFamily":"","fontSize":12,"fontStyle":"","fontUnderline":false,"showTitle":true,"titleAlignment":"middle","titleColor":"#ffffff"}}}
2025-03-08T14:35:13.857Z TRACE Connection: {"event":"getGlobalSettings","context":"BD613658A45635E30AE9292978F9ABA3"}
2025-03-08T14:35:13.859Z TRACE Connection: {"event":"didReceiveGlobalSettings","payload":{"settings":{"categoryList":["Other","Batch Processing"],"pluginList":["Preferences","CueLocations","CalculateStatistics"],"plugins":{"Batch Processing":["CueLocations","CalculateStatistics"],"Other":["Preferences"]}}}}
2025-03-08T14:35:26.318Z TRACE Connection: {"action":"com.daveknights.sibelius-actions.get-all-plugins","context":"b51d80aade5a5a3f80193c74c7776e51","device":"A3106D9454BC34DA78B6DFED59D9B45F","event":"keyDown","payload":{"coordinates":{"column":0,"row":0},"isInMultiAction":false,"settings":{"pluginPath":"/Users/dave/Desktop/sibelius-plugins/access.json"}}}
2025-03-08T14:35:26.326Z TRACE Connection: {"event":"setGlobalSettings","context":"BD613658A45635E30AE9292978F9ABA3","payload":{"categoryList":["Other","Batch Processing"],"pluginList":["Preferences","SplitBar","CalculateStatistics","RehearsalRecordings"],"plugins":{"Other":["Preferences","SplitBar"],"Batch Processing":["CalculateStatistics","RehearsalRecordings"]}}}
2025-03-08T14:35:26.327Z TRACE Connection: {"event":"showOk","context":"b51d80aade5a5a3f80193c74c7776e51"}
2025-03-08T14:35:26.520Z TRACE Connection: {"action":"com.daveknights.sibelius-actions.get-all-plugins","context":"b51d80aade5a5a3f80193c74c7776e51","device":"A3106D9454BC34DA78B6DFED59D9B45F","event":"keyUp","payload":{"coordinates":{"column":0,"row":0},"isInMultiAction":false,"settings":{"pluginPath":"/Users/dave/Desktop/sibelius-plugins/access.json"}}}
2025-03-08T14:35:30.410Z TRACE Connection: {"action":"com.daveknights.sibelius-actions.get-all-plugins","context":"c0f3e81383f2969c5dee08591f947f47","device":"A3106D9454BC34DA78B6DFED59D9B45F","event":"willAppear","payload":{"controller":"Keypad","coordinates":{"column":1,"row":0},"isInMultiAction":false,"settings":{}}}
2025-03-08T14:35:30.410Z TRACE Connection: {"action":"com.daveknights.sibelius-actions.get-all-plugins","context":"c0f3e81383f2969c5dee08591f947f47","device":"A3106D9454BC34DA78B6DFED59D9B45F","event":"titleParametersDidChange","payload":{"controller":"Keypad","coordinates":{"column":1,"row":0},"settings":{},"state":0,"title":"","titleParameters":{"fontFamily":"","fontSize":12,"fontStyle":"","fontUnderline":false,"showTitle":true,"titleAlignment":"middle","titleColor":"#ffffff"}}}
2025-03-08T14:35:30.411Z TRACE Connection: {"event":"getGlobalSettings","context":"BD613658A45635E30AE9292978F9ABA3"}
2025-03-08T14:35:30.415Z TRACE Connection: {"event":"didReceiveGlobalSettings","payload":{"settings":{"categoryList":["Other","Batch Processing"],"pluginList":["Preferences","SplitBar","CalculateStatistics","RehearsalRecordings"],"plugins":{"Batch Processing":["CalculateStatistics","RehearsalRecordings"],"Other":["Preferences","SplitBar"]}}}}
2025-03-08T14:35:30.468Z TRACE Connection: {"action":"com.daveknights.sibelius-actions.get-all-plugins","context":"c0f3e81383f2969c5dee08591f947f47","device":"A3106D9454BC34DA78B6DFED59D9B45F","event":"propertyInspectorDidAppear"}
2025-03-08T14:35:33.979Z TRACE Connection: {"action":"com.daveknights.sibelius-actions.get-all-plugins","context":"c0f3e81383f2969c5dee08591f947f47","device":"A3106D9454BC34DA78B6DFED59D9B45F","event":"propertyInspectorDidAppear"}
2025-03-08T14:35:34.886Z TRACE Connection: {"action":"com.daveknights.sibelius-actions.get-all-plugins","context":"c0f3e81383f2969c5dee08591f947f47","device":"A3106D9454BC34DA78B6DFED59D9B45F","event":"propertyInspectorDidDisappear"}
2025-03-08T14:35:35.226Z TRACE Connection: {"action":"com.daveknights.sibelius-actions.get-all-plugins","context":"c0f3e81383f2969c5dee08591f947f47","device":"A3106D9454BC34DA78B6DFED59D9B45F","event":"willDisappear","payload":{"controller":"Keypad","coordinates":{"column":1,"row":0},"isInMultiAction":false,"settings":{}}}
2025-03-08T14:35:36.258Z TRACE Connection: {"action":"com.daveknights.sibelius-actions.get-all-plugins","context":"c0f3e81383f2969c5dee08591f947f47","device":"A3106D9454BC34DA78B6DFED59D9B45F","event":"propertyInspectorDidDisappear"}
2025-03-08T14:35:37.397Z TRACE Connection: {"action":"com.daveknights.sibelius-actions.plugin-runner","context":"1d58c8adad9e1654cbde1fbb6ec6610c","device":"A3106D9454BC34DA78B6DFED59D9B45F","event":"willAppear","payload":{"controller":"Keypad","coordinates":{"column":1,"row":0},"isInMultiAction":false,"settings":{}}}
2025-03-08T14:35:37.398Z TRACE Connection: {"action":"com.daveknights.sibelius-actions.plugin-runner","context":"1d58c8adad9e1654cbde1fbb6ec6610c","device":"A3106D9454BC34DA78B6DFED59D9B45F","event":"titleParametersDidChange","payload":{"controller":"Keypad","coordinates":{"column":1,"row":0},"settings":{},"state":0,"title":"","titleParameters":{"fontFamily":"","fontSize":12,"fontStyle":"","fontUnderline":false,"showTitle":true,"titleAlignment":"middle","titleColor":"#ffffff"}}}
2025-03-08T14:35:37.398Z TRACE Connection: {"event":"getGlobalSettings","context":"BD613658A45635E30AE9292978F9ABA3"}
2025-03-08T14:35:37.405Z TRACE Connection: {"event":"didReceiveGlobalSettings","payload":{"settings":{"categoryList":["Other","Batch Processing"],"pluginList":["Preferences","SplitBar","CalculateStatistics","RehearsalRecordings"],"plugins":{"Batch Processing":["CalculateStatistics","RehearsalRecordings"],"Other":["Preferences","SplitBar"]}}}}
2025-03-08T14:35:37.457Z TRACE Connection: {"action":"com.daveknights.sibelius-actions.plugin-runner","context":"1d58c8adad9e1654cbde1fbb6ec6610c","device":"A3106D9454BC34DA78B6DFED59D9B45F","event":"propertyInspectorDidAppear"}
2025-03-08T14:35:37.457Z TRACE Connection: {"action":"com.daveknights.sibelius-actions.plugin-runner","context":"1d58c8adad9e1654cbde1fbb6ec6610c","event":"sendToPlugin","payload":{"event":"getCategories"}}
2025-03-08T14:35:37.457Z TRACE Connection: {"action":"com.daveknights.sibelius-actions.plugin-runner","context":"1d58c8adad9e1654cbde1fbb6ec6610c","event":"sendToPlugin","payload":{"event":"getNames"}}
2025-03-08T14:35:37.457Z TRACE Connection: {"event":"sendToPropertyInspector","context":"1d58c8adad9e1654cbde1fbb6ec6610c","payload":{"event":"getCategories","items":[{"label":"Other","value":"Other"},{"label":"Batch Processing","value":"Batch Processing"}]}}
2025-03-08T14:35:42.116Z TRACE Connection: {"action":"com.daveknights.sibelius-actions.plugin-runner","context":"1d58c8adad9e1654cbde1fbb6ec6610c","device":"A3106D9454BC34DA78B6DFED59D9B45F","event":"didReceiveSettings","payload":{"controller":"Keypad","coordinates":{"column":1,"row":0},"isInMultiAction":false,"settings":{"category":"Other"}}}
2025-03-08T14:35:42.117Z TRACE Connection: {"event":"sendToPropertyInspector","context":"1d58c8adad9e1654cbde1fbb6ec6610c","payload":{"event":"getNames","items":[{"label":"Preferences","value":"Preferences"},{"label":"SplitBar","value":"SplitBar"}]}}
2025-03-08T14:35:44.185Z TRACE Connection: {"action":"com.daveknights.sibelius-actions.plugin-runner","context":"1d58c8adad9e1654cbde1fbb6ec6610c","device":"A3106D9454BC34DA78B6DFED59D9B45F","event":"didReceiveSettings","payload":{"controller":"Keypad","coordinates":{"column":1,"row":0},"isInMultiAction":false,"settings":{"category":"Other","pluginName":"SplitBar"}}}
2025-03-08T14:35:44.186Z TRACE Connection: {"event":"sendToPropertyInspector","context":"1d58c8adad9e1654cbde1fbb6ec6610c","payload":{"event":"getNames","items":[{"label":"Preferences","value":"Preferences"},{"label":"SplitBar","value":"SplitBar"}]}}
2025-03-08T14:35:44.187Z TRACE Connection: {"event":"setTitle","context":"1d58c8adad9e1654cbde1fbb6ec6610c","payload":{"title":"Split\nBar"}}
2025-03-08T14:35:49.998Z TRACE Connection: {"action":"com.daveknights.sibelius-actions.plugin-runner","context":"1d58c8adad9e1654cbde1fbb6ec6610c","device":"A3106D9454BC34DA78B6DFED59D9B45F","event":"propertyInspectorDidDisappear"}
2025-03-08T14:35:50.000Z TRACE Connection: {"event":"getSettings","context":"1d58c8adad9e1654cbde1fbb6ec6610c"}
2025-03-08T14:35:50.002Z TRACE Connection: {"action":"com.daveknights.sibelius-actions.plugin-runner","context":"1d58c8adad9e1654cbde1fbb6ec6610c","device":"A3106D9454BC34DA78B6DFED59D9B45F","event":"didReceiveSettings","payload":{"controller":"Keypad","coordinates":{"column":1,"row":0},"isInMultiAction":false,"settings":{"category":"Other","pluginName":"SplitBar"}}}
2025-03-08T14:35:50.003Z TRACE Connection: {"event":"setTitle","context":"1d58c8adad9e1654cbde1fbb6ec6610c","payload":{"title":"Split\nBar"}}
2025-03-08T14:35:50.004Z TRACE Connection: {"event":"setSettings","context":"1d58c8adad9e1654cbde1fbb6ec6610c","payload":{"category":"","pluginName":"SplitBar"}}
2025-03-08T14:35:50.112Z TRACE Connection: {"action":"com.daveknights.sibelius-actions.plugin-runner","context":"63efa8b06329b97ccd1d5bea656480e4","device":"A3106D9454BC34DA78B6DFED59D9B45F","event":"willAppear","payload":{"controller":"Keypad","coordinates":{"column":2,"row":0},"isInMultiAction":false,"settings":{}}}
2025-03-08T14:35:50.112Z TRACE Connection: {"action":"com.daveknights.sibelius-actions.plugin-runner","context":"63efa8b06329b97ccd1d5bea656480e4","device":"A3106D9454BC34DA78B6DFED59D9B45F","event":"titleParametersDidChange","payload":{"controller":"Keypad","coordinates":{"column":2,"row":0},"settings":{},"state":0,"title":"","titleParameters":{"fontFamily":"","fontSize":12,"fontStyle":"","fontUnderline":false,"showTitle":true,"titleAlignment":"middle","titleColor":"#ffffff"}}}
2025-03-08T14:35:50.112Z TRACE Connection: {"event":"getGlobalSettings","context":"BD613658A45635E30AE9292978F9ABA3"}
2025-03-08T14:35:50.121Z TRACE Connection: {"event":"didReceiveGlobalSettings","payload":{"settings":{"categoryList":["Other","Batch Processing"],"pluginList":["Preferences","SplitBar","CalculateStatistics","RehearsalRecordings"],"plugins":{"Batch Processing":["CalculateStatistics","RehearsalRecordings"],"Other":["Preferences","SplitBar"]}}}}
2025-03-08T14:35:50.171Z TRACE Connection: {"action":"com.daveknights.sibelius-actions.plugin-runner","context":"63efa8b06329b97ccd1d5bea656480e4","device":"A3106D9454BC34DA78B6DFED59D9B45F","event":"propertyInspectorDidAppear"}
2025-03-08T14:35:50.171Z TRACE Connection: {"action":"com.daveknights.sibelius-actions.plugin-runner","context":"63efa8b06329b97ccd1d5bea656480e4","event":"sendToPlugin","payload":{"event":"getCategories"}}
2025-03-08T14:35:50.171Z TRACE Connection: {"action":"com.daveknights.sibelius-actions.plugin-runner","context":"63efa8b06329b97ccd1d5bea656480e4","event":"sendToPlugin","payload":{"event":"getNames"}}
2025-03-08T14:35:50.171Z TRACE Connection: {"event":"sendToPropertyInspector","context":"63efa8b06329b97ccd1d5bea656480e4","payload":{"event":"getCategories","items":[{"label":"Other","value":"Other"},{"label":"Batch Processing","value":"Batch Processing"}]}}
2025-03-08T14:35:56.100Z TRACE Connection: {"action":"com.daveknights.sibelius-actions.plugin-runner","context":"63efa8b06329b97ccd1d5bea656480e4","device":"A3106D9454BC34DA78B6DFED59D9B45F","event":"didReceiveSettings","payload":{"controller":"Keypad","coordinates":{"column":2,"row":0},"isInMultiAction":false,"settings":{"category":"Batch Processing"}}}
2025-03-08T14:35:56.101Z TRACE Connection: {"event":"sendToPropertyInspector","context":"63efa8b06329b97ccd1d5bea656480e4","payload":{"event":"getNames","items":[{"label":"CalculateStatistics","value":"CalculateStatistics"},{"label":"RehearsalRecordings","value":"RehearsalRecordings"}]}}
2025-03-08T14:35:59.365Z TRACE Connection: {"action":"com.daveknights.sibelius-actions.plugin-runner","context":"63efa8b06329b97ccd1d5bea656480e4","device":"A3106D9454BC34DA78B6DFED59D9B45F","event":"didReceiveSettings","payload":{"controller":"Keypad","coordinates":{"column":2,"row":0},"isInMultiAction":false,"settings":{"category":"Batch Processing","pluginName":"RehearsalRecordings"}}}
2025-03-08T14:35:59.366Z TRACE Connection: {"event":"sendToPropertyInspector","context":"63efa8b06329b97ccd1d5bea656480e4","payload":{"event":"getNames","items":[{"label":"CalculateStatistics","value":"CalculateStatistics"},{"label":"RehearsalRecordings","value":"RehearsalRecordings"}]}}
2025-03-08T14:35:59.367Z TRACE Connection: {"event":"setTitle","context":"63efa8b06329b97ccd1d5bea656480e4","payload":{"title":"Rehearsal\nRecordings"}}
2025-03-08T14:36:08.780Z TRACE Connection: {"action":"com.daveknights.sibelius-actions.plugin-runner","context":"1d58c8adad9e1654cbde1fbb6ec6610c","device":"A3106D9454BC34DA78B6DFED59D9B45F","event":"keyDown","payload":{"coordinates":{"column":1,"row":0},"isInMultiAction":false,"settings":{"category":"","pluginName":"SplitBar"}}}
2025-03-08T14:36:08.981Z TRACE Connection: {"action":"com.daveknights.sibelius-actions.plugin-runner","context":"1d58c8adad9e1654cbde1fbb6ec6610c","device":"A3106D9454BC34DA78B6DFED59D9B45F","event":"keyUp","payload":{"coordinates":{"column":1,"row":0},"isInMultiAction":false,"settings":{"category":"","pluginName":"SplitBar"}}}
2025-03-08T14:36:20.771Z TRACE Connection: {"action":"com.daveknights.sibelius-actions.plugin-runner","context":"63efa8b06329b97ccd1d5bea656480e4","device":"A3106D9454BC34DA78B6DFED59D9B45F","event":"keyDown","payload":{"coordinates":{"column":2,"row":0},"isInMultiAction":false,"settings":{"category":"Batch Processing","pluginName":"RehearsalRecordings"}}}
2025-03-08T14:36:20.919Z TRACE Connection: {"action":"com.daveknights.sibelius-actions.plugin-runner","context":"63efa8b06329b97ccd1d5bea656480e4","device":"A3106D9454BC34DA78B6DFED59D9B45F","event":"keyUp","payload":{"coordinates":{"column":2,"row":0},"isInMultiAction":false,"settings":{"category":"Batch Processing","pluginName":"RehearsalRecordings"}}}
2025-03-08T14:36:55.647Z TRACE Connection: {"action":"com.daveknights.sibelius-actions.plugin-runner","context":"1d58c8adad9e1654cbde1fbb6ec6610c","device":"A3106D9454BC34DA78B6DFED59D9B45F","event":"keyDown","payload":{"coordinates":{"column":1,"row":0},"isInMultiAction":false,"settings":{"category":"","pluginName":"SplitBar"}}}
2025-03-08T14:36:55.676Z ERROR Process encountered uncaught exception 
Error: WebSocket is not open: readyState 0 (CONNECTING)
    at WebSocket.send (/Users/dave/Desktop/sibelius-actions/node_modules/ws/lib/websocket.js:450:13)
    at SingletonAction.onKeyDown (/Users/dave/Desktop/sibelius-actions/src/actions/plugin-runner.ts:106:32)
    at <anonymous> (/Users/dave/Desktop/sibelius-actions/node_modules/@elgato/streamdeck/dist/index.js:2646:27)
    at <anonymous> (/Users/dave/Desktop/sibelius-actions/node_modules/@elgato/streamdeck/dist/index.js:2546:17)
    at Connection.emit (/Users/dave/Desktop/sibelius-actions/node_modules/@elgato/streamdeck/dist/index.js:441:13)
    at Connection.tryEmit (/Users/dave/Desktop/sibelius-actions/node_modules/@elgato/streamdeck/dist/index.js:1350:22)
    at WebSocket.webSocket.onmessage (/Users/dave/Desktop/sibelius-actions/node_modules/@elgato/streamdeck/dist/index.js:1265:48)
    at callListener (/Users/dave/Desktop/sibelius-actions/node_modules/ws/lib/event-target.js:290:14)
    at WebSocket.onMessage (/Users/dave/Desktop/sibelius-actions/node_modules/ws/lib/event-target.js:209:9)
    at WebSocket.emit (node:events:519:28)
2025-03-08T14:36:55.798Z TRACE Connection: {"action":"com.daveknights.sibelius-actions.plugin-runner","context":"1d58c8adad9e1654cbde1fbb6ec6610c","device":"A3106D9454BC34DA78B6DFED59D9B45F","event":"keyUp","payload":{"coordinates":{"column":1,"row":0},"isInMultiAction":false,"settings":{"category":"","pluginName":"SplitBar"}}}
2025-03-08T14:36:57.477Z TRACE Connection: {"action":"com.daveknights.sibelius-actions.plugin-runner","context":"1d58c8adad9e1654cbde1fbb6ec6610c","device":"A3106D9454BC34DA78B6DFED59D9B45F","event":"keyDown","payload":{"coordinates":{"column":1,"row":0},"isInMultiAction":false,"settings":{"category":"","pluginName":"SplitBar"}}}
2025-03-08T14:36:57.731Z TRACE Connection: {"action":"com.daveknights.sibelius-actions.plugin-runner","context":"1d58c8adad9e1654cbde1fbb6ec6610c","device":"A3106D9454BC34DA78B6DFED59D9B45F","event":"keyUp","payload":{"coordinates":{"column":1,"row":0},"isInMultiAction":false,"settings":{"category":"","pluginName":"SplitBar"}}}
2025-03-08T14:37:01.086Z TRACE Connection: {"action":"com.daveknights.sibelius-actions.plugin-runner","context":"1d58c8adad9e1654cbde1fbb6ec6610c","device":"A3106D9454BC34DA78B6DFED59D9B45F","event":"keyDown","payload":{"coordinates":{"column":1,"row":0},"isInMultiAction":false,"settings":{"category":"","pluginName":"SplitBar"}}}
